2021-04-02 15:27:52 [scrapy] DEBUG: Crawled (200) <GET https://www.microcenter.com/robots.txt> (referer: None)
2021-04-02 15:27:52 [scrapy] DEBUG: Crawled (200) <GET https://www.microcenter.com/search/search_results.aspx?N=4294966937&NTK=all&sortby=match&rpp=24> (referer: None)
2021-04-02 15:27:52 [scrapy] ERROR: Spider error processing <GET https://www.microcenter.com/search/search_results.aspx?N=4294966937&NTK=all&sortby=match&rpp=24> (referer: None)
Traceback (most recent call last):
  File "c:\users\rober\desktop\python projects\pc-spawner-backend\venv\lib\site-packages\scrapy\utils\defer.py", line 120, in iter_errback
    yield next(it)
  File "c:\users\rober\desktop\python projects\pc-spawner-backend\venv\lib\site-packages\scrapy\utils\python.py", line 353, in __next__
    return next(self.data)
  File "c:\users\rober\desktop\python projects\pc-spawner-backend\venv\lib\site-packages\scrapy\utils\python.py", line 353, in __next__
    return next(self.data)
  File "c:\users\rober\desktop\python projects\pc-spawner-backend\venv\lib\site-packages\scrapy\core\spidermw.py", line 62, in _evaluate_iterable
    for r in iterable:
  File "c:\users\rober\desktop\python projects\pc-spawner-backend\venv\lib\site-packages\scrapy\spidermiddlewares\offsite.py", line 29, in process_spider_output
    for x in result:
  File "c:\users\rober\desktop\python projects\pc-spawner-backend\venv\lib\site-packages\scrapy\core\spidermw.py", line 62, in _evaluate_iterable
    for r in iterable:
  File "c:\users\rober\desktop\python projects\pc-spawner-backend\venv\lib\site-packages\scrapy\spidermiddlewares\referer.py", line 340, in <genexpr>
    return (_set_referer(r) for r in result or ())
  File "c:\users\rober\desktop\python projects\pc-spawner-backend\venv\lib\site-packages\scrapy\core\spidermw.py", line 62, in _evaluate_iterable
    for r in iterable:
  File "c:\users\rober\desktop\python projects\pc-spawner-backend\venv\lib\site-packages\scrapy\spidermiddlewares\urllength.py", line 37, in <genexpr>
    return (r for r in result or () if _filter(r))
  File "c:\users\rober\desktop\python projects\pc-spawner-backend\venv\lib\site-packages\scrapy\core\spidermw.py", line 62, in _evaluate_iterable
    for r in iterable:
  File "c:\users\rober\desktop\python projects\pc-spawner-backend\venv\lib\site-packages\scrapy\spidermiddlewares\depth.py", line 58, in <genexpr>
    return (r for r in result or () if _filter(r))
  File "c:\users\rober\desktop\python projects\pc-spawner-backend\venv\lib\site-packages\scrapy\core\spidermw.py", line 62, in _evaluate_iterable
    for r in iterable:
  File "C:\Users\rober\Desktop\Python Projects\PC-Spawner-Backend\pc_generator\spiders\microcenter_spider.py", line 17, in parse
    type_of_part = parts[0].css('a::attr(data-category').get()
  File "c:\users\rober\desktop\python projects\pc-spawner-backend\venv\lib\site-packages\parsel\selector.py", line 282, in css
    return self.xpath(self._css2xpath(query))
  File "c:\users\rober\desktop\python projects\pc-spawner-backend\venv\lib\site-packages\parsel\selector.py", line 285, in _css2xpath
    return self._csstranslator.css_to_xpath(query)
  File "c:\users\rober\desktop\python projects\pc-spawner-backend\venv\lib\site-packages\parsel\csstranslator.py", line 107, in css_to_xpath
    return super(HTMLTranslator, self).css_to_xpath(css, prefix)
  File "c:\users\rober\desktop\python projects\pc-spawner-backend\venv\lib\site-packages\cssselect\xpath.py", line 192, in css_to_xpath
    for selector in parse(css))
  File "c:\users\rober\desktop\python projects\pc-spawner-backend\venv\lib\site-packages\cssselect\parser.py", line 415, in parse
    return list(parse_selector_group(stream))
  File "c:\users\rober\desktop\python projects\pc-spawner-backend\venv\lib\site-packages\cssselect\parser.py", line 428, in parse_selector_group
    yield Selector(*parse_selector(stream))
  File "c:\users\rober\desktop\python projects\pc-spawner-backend\venv\lib\site-packages\cssselect\parser.py", line 436, in parse_selector
    result, pseudo_element = parse_simple_selector(stream)
  File "c:\users\rober\desktop\python projects\pc-spawner-backend\venv\lib\site-packages\cssselect\parser.py", line 507, in parse_simple_selector
    pseudo_element, parse_arguments(stream))
  File "c:\users\rober\desktop\python projects\pc-spawner-backend\venv\lib\site-packages\cssselect\parser.py", line 563, in parse_arguments
    raise SelectorSyntaxError(
  File "<string>", line None
cssselect.parser.SelectorSyntaxError: Expected an argument, got <EOF at 21>
2021-04-02 15:27:52 [scrapy] DEBUG: Crawled (200) <GET https://www.microcenter.com/search/search_results.aspx?Ntk=all&sortby=match&N=4294966654&myStore=false> (referer: None)
2021-04-02 15:27:53 [scrapy] ERROR: Spider error processing <GET https://www.microcenter.com/search/search_results.aspx?Ntk=all&sortby=match&N=4294966654&myStore=false> (referer: None)
Traceback (most recent call last):
  File "c:\users\rober\desktop\python projects\pc-spawner-backend\venv\lib\site-packages\scrapy\utils\defer.py", line 120, in iter_errback
    yield next(it)
  File "c:\users\rober\desktop\python projects\pc-spawner-backend\venv\lib\site-packages\scrapy\utils\python.py", line 353, in __next__
    return next(self.data)
  File "c:\users\rober\desktop\python projects\pc-spawner-backend\venv\lib\site-packages\scrapy\utils\python.py", line 353, in __next__
    return next(self.data)
  File "c:\users\rober\desktop\python projects\pc-spawner-backend\venv\lib\site-packages\scrapy\core\spidermw.py", line 62, in _evaluate_iterable
    for r in iterable:
  File "c:\users\rober\desktop\python projects\pc-spawner-backend\venv\lib\site-packages\scrapy\spidermiddlewares\offsite.py", line 29, in process_spider_output
    for x in result:
  File "c:\users\rober\desktop\python projects\pc-spawner-backend\venv\lib\site-packages\scrapy\core\spidermw.py", line 62, in _evaluate_iterable
    for r in iterable:
  File "c:\users\rober\desktop\python projects\pc-spawner-backend\venv\lib\site-packages\scrapy\spidermiddlewares\referer.py", line 340, in <genexpr>
    return (_set_referer(r) for r in result or ())
  File "c:\users\rober\desktop\python projects\pc-spawner-backend\venv\lib\site-packages\scrapy\core\spidermw.py", line 62, in _evaluate_iterable
    for r in iterable:
  File "c:\users\rober\desktop\python projects\pc-spawner-backend\venv\lib\site-packages\scrapy\spidermiddlewares\urllength.py", line 37, in <genexpr>
    return (r for r in result or () if _filter(r))
  File "c:\users\rober\desktop\python projects\pc-spawner-backend\venv\lib\site-packages\scrapy\core\spidermw.py", line 62, in _evaluate_iterable
    for r in iterable:
  File "c:\users\rober\desktop\python projects\pc-spawner-backend\venv\lib\site-packages\scrapy\spidermiddlewares\depth.py", line 58, in <genexpr>
    return (r for r in result or () if _filter(r))
  File "c:\users\rober\desktop\python projects\pc-spawner-backend\venv\lib\site-packages\scrapy\core\spidermw.py", line 62, in _evaluate_iterable
    for r in iterable:
  File "C:\Users\rober\Desktop\Python Projects\PC-Spawner-Backend\pc_generator\spiders\microcenter_spider.py", line 17, in parse
    type_of_part = parts[0].css('a::attr(data-category').get()
  File "c:\users\rober\desktop\python projects\pc-spawner-backend\venv\lib\site-packages\parsel\selector.py", line 282, in css
    return self.xpath(self._css2xpath(query))
  File "c:\users\rober\desktop\python projects\pc-spawner-backend\venv\lib\site-packages\parsel\selector.py", line 285, in _css2xpath
    return self._csstranslator.css_to_xpath(query)
  File "c:\users\rober\desktop\python projects\pc-spawner-backend\venv\lib\site-packages\parsel\csstranslator.py", line 107, in css_to_xpath
    return super(HTMLTranslator, self).css_to_xpath(css, prefix)
  File "c:\users\rober\desktop\python projects\pc-spawner-backend\venv\lib\site-packages\cssselect\xpath.py", line 192, in css_to_xpath
    for selector in parse(css))
  File "c:\users\rober\desktop\python projects\pc-spawner-backend\venv\lib\site-packages\cssselect\parser.py", line 415, in parse
    return list(parse_selector_group(stream))
  File "c:\users\rober\desktop\python projects\pc-spawner-backend\venv\lib\site-packages\cssselect\parser.py", line 428, in parse_selector_group
    yield Selector(*parse_selector(stream))
  File "c:\users\rober\desktop\python projects\pc-spawner-backend\venv\lib\site-packages\cssselect\parser.py", line 436, in parse_selector
    result, pseudo_element = parse_simple_selector(stream)
  File "c:\users\rober\desktop\python projects\pc-spawner-backend\venv\lib\site-packages\cssselect\parser.py", line 507, in parse_simple_selector
    pseudo_element, parse_arguments(stream))
  File "c:\users\rober\desktop\python projects\pc-spawner-backend\venv\lib\site-packages\cssselect\parser.py", line 563, in parse_arguments
    raise SelectorSyntaxError(
  File "<string>", line None
cssselect.parser.SelectorSyntaxError: Expected an argument, got <EOF at 21>
2021-04-02 15:27:53 [scrapy] INFO: Closing spider (finished)
2021-04-02 15:27:53 [scrapy] INFO: Dumping Scrapy stats:
{'downloader/request_bytes': 808,
 'downloader/request_count': 3,
 'downloader/request_method_count/GET': 3,
 'downloader/response_bytes': 121677,
 'downloader/response_count': 3,
 'downloader/response_status_count/200': 3,
 'elapsed_time_seconds': 1.239493,
 'finish_reason': 'finished',
 'finish_time': datetime.datetime(2021, 4, 2, 22, 27, 53, 137642),
 'log_count/DEBUG': 3,
 'log_count/ERROR': 2,
 'log_count/INFO': 7,
 'response_received_count': 3,
 'robotstxt/request_count': 1,
 'robotstxt/response_count': 1,
 'robotstxt/response_status_count/200': 1,
 'scheduler/dequeued': 2,
 'scheduler/dequeued/memory': 2,
 'scheduler/enqueued': 2,
 'scheduler/enqueued/memory': 2,
 'spider_exceptions/SelectorSyntaxError': 2,
 'start_time': datetime.datetime(2021, 4, 2, 22, 27, 51, 898149)}
2021-04-02 15:27:53 [scrapy] INFO: Spider closed (finished)
