2021-04-19 11:44:07 [scrapy] DEBUG: Crawled (200) <GET https://www.microcenter.com/robots.txt> (referer: None)
2021-04-19 11:44:08 [scrapy] DEBUG: Crawled (200) <GET https://www.microcenter.com/search/search_results.aspx?N=4294966937&NTK=all&sortby=match&rpp=24> (referer: None)
2021-04-19 11:44:08 [scrapy] DEBUG: Crawled (200) <GET https://www.microcenter.com/search/search_results.aspx?Ntk=all&sortby=match&N=4294966654&myStore=false> (referer: None)
2021-04-19 11:44:08 [scrapy] DEBUG: Crawled (200) <GET https://www.microcenter.com/search/search_results.aspx?Ntk=all&sortby=match&N=4294964318&myStore=false> (referer: None)
2021-04-19 11:44:08 [scrapy] DEBUG: Crawled (200) <GET https://www.microcenter.com/category/4294945779/ssd-solid-state-drives> (referer: None)
2021-04-19 11:44:09 [scrapy] DEBUG: Crawled (200) <GET https://www.microcenter.com/search/search_results.aspx?N=4294966937&NTK=all&page=2&cat=Video-Cards-:-MicroCenter> (referer: https://www.microcenter.com/search/search_results.aspx?N=4294966937&NTK=all&sortby=match&rpp=24)
2021-04-19 11:44:09 [scrapy] DEBUG: Crawled (200) <GET https://www.microcenter.com/search/search_results.aspx?N=4294964318&NTK=all&page=2&cat=Computer-Cases-:-MicroCenter> (referer: https://www.microcenter.com/search/search_results.aspx?Ntk=all&sortby=match&N=4294964318&myStore=false)
2021-04-19 11:44:09 [scrapy] DEBUG: Crawled (200) <GET https://www.microcenter.com/search/search_results.aspx?N=4294966937&NTK=all&page=3&cat=Video-Cards-:-MicroCenter> (referer: https://www.microcenter.com/search/search_results.aspx?N=4294966937&NTK=all&page=2&cat=Video-Cards-:-MicroCenter)
2021-04-19 11:44:09 [scrapy] DEBUG: Crawled (200) <GET https://www.microcenter.com/search/search_results.aspx?N=4294945779&NTK=all&page=2&cat=SSD-(Solid-State-Drives)-:-MicroCenter> (referer: https://www.microcenter.com/category/4294945779/ssd-solid-state-drives)
2021-04-19 11:44:10 [scrapy] DEBUG: Crawled (200) <GET https://www.microcenter.com/search/search_results.aspx?N=4294964318&NTK=all&page=3&cat=Computer-Cases-:-MicroCenter> (referer: https://www.microcenter.com/search/search_results.aspx?N=4294964318&NTK=all&page=2&cat=Computer-Cases-:-MicroCenter)
2021-04-19 11:44:10 [scrapy] DEBUG: Crawled (200) <GET https://www.microcenter.com/search/search_results.aspx?N=4294966937&NTK=all&page=4&cat=Video-Cards-:-MicroCenter> (referer: https://www.microcenter.com/search/search_results.aspx?N=4294966937&NTK=all&page=3&cat=Video-Cards-:-MicroCenter)
2021-04-19 11:44:10 [scrapy] DEBUG: Crawled (200) <GET https://www.microcenter.com/search/search_results.aspx?N=4294964318&NTK=all&page=4&cat=Computer-Cases-:-MicroCenter> (referer: https://www.microcenter.com/search/search_results.aspx?N=4294964318&NTK=all&page=3&cat=Computer-Cases-:-MicroCenter)
2021-04-19 11:44:10 [scrapy] DEBUG: Scraped from <200 https://www.microcenter.com/search/search_results.aspx?N=4294964318&NTK=all&page=4&cat=Computer-Cases-:-MicroCenter>
{'href': 'https://www.microcenter.comhttps://www.microcenter.com/product/627504/lian-li-lancool-215-tempered-glass-eatx-full-tower-computer-case---black',
 'img': 'https://90a1c75758623581b3f8-5c119c3de181c9857fcb2784776b17ef.ssl.cf2.rackcdn.com/0627504_163097.jpg',
 'name': 'Lancool 215 Tempered Glass eATX Full Tower Computer Case - Black',
 'part_type': 'Computer Cases',
 'price': 89.99}
2021-04-19 11:44:10 [scrapy] DEBUG: Crawled (200) <GET https://www.microcenter.com/search/search_results.aspx?N=4294966937&NTK=all&page=5&cat=Video-Cards-:-MicroCenter> (referer: https://www.microcenter.com/search/search_results.aspx?N=4294966937&NTK=all&page=4&cat=Video-Cards-:-MicroCenter)
2021-04-19 11:44:10 [scrapy] DEBUG: Crawled (200) <GET https://www.microcenter.com/search/search_results.aspx?N=4294966654&NTK=all&page=2&cat=Power-Supplies-:-MicroCenter> (referer: https://www.microcenter.com/search/search_results.aspx?Ntk=all&sortby=match&N=4294966654&myStore=false)
2021-04-19 11:44:11 [scrapy] DEBUG: Crawled (200) <GET https://www.microcenter.com/search/search_results.aspx?N=4294966937&NTK=all&page=6&cat=Video-Cards-:-MicroCenter> (referer: https://www.microcenter.com/search/search_results.aspx?N=4294966937&NTK=all&page=5&cat=Video-Cards-:-MicroCenter)
2021-04-19 11:44:11 [scrapy] DEBUG: Crawled (200) <GET https://www.microcenter.com/search/search_results.aspx?N=4294966654&NTK=all&page=3&cat=Power-Supplies-:-MicroCenter> (referer: https://www.microcenter.com/search/search_results.aspx?N=4294966654&NTK=all&page=2&cat=Power-Supplies-:-MicroCenter)
2021-04-19 11:44:11 [scrapy] DEBUG: Crawled (200) <GET https://www.microcenter.com/search/search_results.aspx?N=4294945779&NTK=all&page=1&cat=SSD-(Solid-State-Drives)-:-MicroCenter> (referer: https://www.microcenter.com/search/search_results.aspx?N=4294945779&NTK=all&page=2&cat=SSD-(Solid-State-Drives)-:-MicroCenter)
2021-04-19 11:44:11 [scrapy] DEBUG: Scraped from <200 https://www.microcenter.com/search/search_results.aspx?N=4294966654&NTK=all&page=3&cat=Power-Supplies-:-MicroCenter>
{'href': 'https://www.microcenter.comhttps://www.microcenter.com/product/611992/powerspec-rgb-650-watt-80-plus-bronze-atx-semi-modular-power-supply',
 'img': 'https://90a1c75758623581b3f8-5c119c3de181c9857fcb2784776b17ef.ssl.cf2.rackcdn.com/0611992_992271.jpg',
 'name': 'RGB 650 Watt 80 Plus Bronze ATX Semi-Modular Power Supply',
 'part_type': 'Power Supplies',
 'price': 79.99}
2021-04-19 11:44:11 [scrapy] DEBUG: Scraped from <200 https://www.microcenter.com/search/search_results.aspx?N=4294945779&NTK=all&page=1&cat=SSD-(Solid-State-Drives)-:-MicroCenter>
{'href': 'https://www.microcenter.comhttps://www.microcenter.com/product/618260/seagate-barracuda-120-1tb-3d-tlc-nand-sata-30-60-gb-s-25-internal-ssd',
 'img': 'https://90a1c75758623581b3f8-5c119c3de181c9857fcb2784776b17ef.ssl.cf2.rackcdn.com/0618260_068593.jpg',
 'name': 'BarraCuda 120 1TB 3D TLC NAND SATA 3.0 6.0 GB/s 2.5&quot; Internal '
         'SSD',
 'part_type': 'SSD (Solid State Drives)',
 'price': 111.99}
2021-04-19 11:44:12 [scrapy] DEBUG: Crawled (200) <GET https://www.microcenter.com/search/search_results.aspx?N=4294966937&NTK=all&page=7&cat=Video-Cards-:-MicroCenter> (referer: https://www.microcenter.com/search/search_results.aspx?N=4294966937&NTK=all&page=6&cat=Video-Cards-:-MicroCenter)
2021-04-19 11:44:13 [scrapy] DEBUG: Scraped from <200 https://www.microcenter.com/search/search_results.aspx?N=4294966937&NTK=all&page=7&cat=Video-Cards-:-MicroCenter>
{'href': 'https://www.microcenter.comhttps://www.microcenter.com/product/634181/evga-nvidia-geforce-rtx-3060-xc-gaming-dual-fan-12gb-gddr6-pcie-40-graphics-card',
 'img': 'https://90a1c75758623581b3f8-5c119c3de181c9857fcb2784776b17ef.ssl.cf2.rackcdn.com/0634181_240093.jpg',
 'name': 'NVIDIA GeForce RTX 3060 XC Gaming Dual-Fan 12GB GDDR6 PCIe 4.0 '
         'Graphics Card',
 'part_type': 'Video Cards',
 'price': 389.99}
2021-04-19 11:44:13 [scrapy] INFO: Closing spider (finished)
2021-04-19 11:44:13 [scrapy] INFO: Dumping Scrapy stats:
{'downloader/request_bytes': 7898,
 'downloader/request_count': 18,
 'downloader/request_method_count/GET': 18,
 'downloader/response_bytes': 997986,
 'downloader/response_count': 18,
 'downloader/response_status_count/200': 18,
 'elapsed_time_seconds': 5.557607,
 'finish_reason': 'finished',
 'finish_time': datetime.datetime(2021, 4, 19, 18, 44, 13, 91142),
 'item_scraped_count': 4,
 'log_count/DEBUG': 22,
 'log_count/INFO': 7,
 'memusage/max': 96260096,
 'memusage/startup': 96260096,
 'request_depth_max': 6,
 'response_received_count': 18,
 'robotstxt/request_count': 1,
 'robotstxt/response_count': 1,
 'robotstxt/response_status_count/200': 1,
 'scheduler/dequeued': 17,
 'scheduler/dequeued/memory': 17,
 'scheduler/enqueued': 17,
 'scheduler/enqueued/memory': 17,
 'start_time': datetime.datetime(2021, 4, 19, 18, 44, 7, 533535)}
2021-04-19 11:44:13 [scrapy] INFO: Spider closed (finished)
