2021-04-18 21:34:51 [scrapy] DEBUG: Crawled (200) <GET https://www.microcenter.com/robots.txt> (referer: None)
2021-04-18 21:34:51 [scrapy] DEBUG: Crawled (200) <GET https://www.microcenter.com/search/search_results.aspx?N=4294966937&NTK=all&sortby=match&rpp=24> (referer: None)
2021-04-18 21:34:51 [scrapy] DEBUG: Crawled (200) <GET https://www.microcenter.com/search/search_results.aspx?Ntk=all&sortby=match&N=4294964318&myStore=false> (referer: None)
2021-04-18 21:34:51 [scrapy] DEBUG: Crawled (200) <GET https://www.microcenter.com/search/search_results.aspx?Ntk=all&sortby=match&N=4294966654&myStore=false> (referer: None)
2021-04-18 21:34:51 [scrapy] DEBUG: Crawled (200) <GET https://www.microcenter.com/category/4294945779/ssd-solid-state-drives> (referer: None)
2021-04-18 21:34:52 [scrapy] DEBUG: Crawled (200) <GET https://www.microcenter.com/search/search_results.aspx?N=4294966937&NTK=all&page=2&cat=Video-Cards-:-MicroCenter> (referer: https://www.microcenter.com/search/search_results.aspx?N=4294966937&NTK=all&sortby=match&rpp=24)
2021-04-18 21:34:52 [scrapy] DEBUG: Crawled (200) <GET https://www.microcenter.com/search/search_results.aspx?N=4294964318&NTK=all&page=2&cat=Computer-Cases-:-MicroCenter> (referer: https://www.microcenter.com/search/search_results.aspx?Ntk=all&sortby=match&N=4294964318&myStore=false)
2021-04-18 21:34:52 [scrapy] DEBUG: Crawled (200) <GET https://www.microcenter.com/search/search_results.aspx?N=4294945779&NTK=all&page=2&cat=SSD-(Solid-State-Drives)-:-MicroCenter> (referer: https://www.microcenter.com/category/4294945779/ssd-solid-state-drives)
2021-04-18 21:34:52 [scrapy] DEBUG: Crawled (200) <GET https://www.microcenter.com/search/search_results.aspx?N=4294966654&NTK=all&page=2&cat=Power-Supplies-:-MicroCenter> (referer: https://www.microcenter.com/search/search_results.aspx?Ntk=all&sortby=match&N=4294966654&myStore=false)
2021-04-18 21:34:52 [scrapy] DEBUG: Crawled (200) <GET https://www.microcenter.com/search/search_results.aspx?N=4294966937&NTK=all&page=3&cat=Video-Cards-:-MicroCenter> (referer: https://www.microcenter.com/search/search_results.aspx?N=4294966937&NTK=all&page=2&cat=Video-Cards-:-MicroCenter)
2021-04-18 21:34:53 [scrapy] DEBUG: Crawled (200) <GET https://www.microcenter.com/search/search_results.aspx?N=4294964318&NTK=all&page=3&cat=Computer-Cases-:-MicroCenter> (referer: https://www.microcenter.com/search/search_results.aspx?N=4294964318&NTK=all&page=2&cat=Computer-Cases-:-MicroCenter)
2021-04-18 21:34:53 [scrapy] DEBUG: Crawled (200) <GET https://www.microcenter.com/search/search_results.aspx?N=4294966654&NTK=all&page=3&cat=Power-Supplies-:-MicroCenter> (referer: https://www.microcenter.com/search/search_results.aspx?N=4294966654&NTK=all&page=2&cat=Power-Supplies-:-MicroCenter)
2021-04-18 21:34:53 [scrapy] DEBUG: Crawled (200) <GET https://www.microcenter.com/search/search_results.aspx?N=4294945779&NTK=all&page=1&cat=SSD-(Solid-State-Drives)-:-MicroCenter> (referer: https://www.microcenter.com/search/search_results.aspx?N=4294945779&NTK=all&page=2&cat=SSD-(Solid-State-Drives)-:-MicroCenter)
2021-04-18 21:34:53 [scrapy] DEBUG: Crawled (200) <GET https://www.microcenter.com/search/search_results.aspx?N=4294966937&NTK=all&page=4&cat=Video-Cards-:-MicroCenter> (referer: https://www.microcenter.com/search/search_results.aspx?N=4294966937&NTK=all&page=3&cat=Video-Cards-:-MicroCenter)
2021-04-18 21:34:53 [scrapy] ERROR: Error processing {'Power Supplies': {'href': 'https://www.microcenter.comhttps://www.microcenter.com/product/501648/seasonic-usa-prime-tx-850,-850w-80-titanium,-full-modular,-fan-control-in-fanless,-silent,-and-cooling-mode,-12-year-warranty,-perfect-power-supply-fo',
 'img': 'https://90a1c75758623581b3f8-5c119c3de181c9857fcb2784776b17ef.ssl.cf2.rackcdn.com/0501648_685099.jpg',
 'name': 'PRIME TX-850, 850W 80+ Titanium, Full Modular, Fan Control in '
         'Fanless, Silent, and Cooling Mode, 12 Year Warranty, Perfect Power '
         'Supply for Gaming and High-Performance Systems, SSR-850TR.',
 'part_type': 'Power Supplies',
 'price': 239.99}}
Traceback (most recent call last):
  File "c:\users\rober\desktop\python projects\pc-spawner-backend\venv\lib\site-packages\twisted\internet\defer.py", line 662, in _runCallbacks
    current.result = callback(current.result, *args, **kw)
  File "c:\users\rober\desktop\python projects\pc-spawner-backend\venv\lib\site-packages\scrapy\utils\defer.py", line 150, in f
    return deferred_from_coro(coro_f(*coro_args, **coro_kwargs))
  File "C:\Users\rober\Desktop\Python Projects\PC-Spawner-Backend\pc_generator\pipelines.py", line 22, in process_item
    pc_part.name = item["name"]
KeyError: 'name'
2021-04-18 21:34:53 [scrapy] ERROR: Error processing {'SSD (Solid State Drives)': {'href': 'https://www.microcenter.comhttps://www.microcenter.com/product/618517/seagate-firecuda-520-2tb-performance-m2-nvme-13-interface,-pcie-gen4-x4-for-gaming,-pc-gaming,-laptop,-desktop,-internal-solid-state-drive-ssd,-3d-tlc',
 'img': 'https://90a1c75758623581b3f8-5c119c3de181c9857fcb2784776b17ef.ssl.cf2.rackcdn.com/0618517_070102.jpg',
 'name': 'Firecuda 520 2TB Performance M.2 NVMe 1.3 Interface, PCIe Gen4 X4 '
         'for Gaming, PC Gaming, Laptop, Desktop, Internal Solid State Drive '
         'SSD, 3D TLC, (ZP2000GM3A002)',
 'part_type': 'SSD (Solid State Drives)',
 'price': 365.99}}
Traceback (most recent call last):
  File "c:\users\rober\desktop\python projects\pc-spawner-backend\venv\lib\site-packages\twisted\internet\defer.py", line 662, in _runCallbacks
    current.result = callback(current.result, *args, **kw)
  File "c:\users\rober\desktop\python projects\pc-spawner-backend\venv\lib\site-packages\scrapy\utils\defer.py", line 150, in f
    return deferred_from_coro(coro_f(*coro_args, **coro_kwargs))
  File "C:\Users\rober\Desktop\Python Projects\PC-Spawner-Backend\pc_generator\pipelines.py", line 22, in process_item
    pc_part.name = item["name"]
KeyError: 'name'
2021-04-18 21:34:53 [scrapy] DEBUG: Crawled (200) <GET https://www.microcenter.com/search/search_results.aspx?N=4294964318&NTK=all&page=4&cat=Computer-Cases-:-MicroCenter> (referer: https://www.microcenter.com/search/search_results.aspx?N=4294964318&NTK=all&page=3&cat=Computer-Cases-:-MicroCenter)
2021-04-18 21:34:53 [scrapy] ERROR: Error processing {'Computer Cases': {'href': 'https://www.microcenter.comhttps://www.microcenter.com/product/630142/asus-rog-z11-rgb-tempered-glass-mini-itx-mini-tower-gaming-computer-case',
 'img': 'https://90a1c75758623581b3f8-5c119c3de181c9857fcb2784776b17ef.ssl.cf2.rackcdn.com/0630142_201889.jpg',
 'name': 'ROG Z11 RGB Tempered Glass Mini-ITX Mini-Tower Gaming Computer Case',
 'part_type': 'Computer Cases',
 'price': 279.99}}
Traceback (most recent call last):
  File "c:\users\rober\desktop\python projects\pc-spawner-backend\venv\lib\site-packages\twisted\internet\defer.py", line 662, in _runCallbacks
    current.result = callback(current.result, *args, **kw)
  File "c:\users\rober\desktop\python projects\pc-spawner-backend\venv\lib\site-packages\scrapy\utils\defer.py", line 150, in f
    return deferred_from_coro(coro_f(*coro_args, **coro_kwargs))
  File "C:\Users\rober\Desktop\Python Projects\PC-Spawner-Backend\pc_generator\pipelines.py", line 22, in process_item
    pc_part.name = item["name"]
KeyError: 'name'
2021-04-18 21:34:54 [scrapy] DEBUG: Crawled (200) <GET https://www.microcenter.com/search/search_results.aspx?N=4294966937&NTK=all&page=5&cat=Video-Cards-:-MicroCenter> (referer: https://www.microcenter.com/search/search_results.aspx?N=4294966937&NTK=all&page=4&cat=Video-Cards-:-MicroCenter)
2021-04-18 21:34:54 [scrapy] DEBUG: Crawled (200) <GET https://www.microcenter.com/search/search_results.aspx?N=4294966937&NTK=all&page=6&cat=Video-Cards-:-MicroCenter> (referer: https://www.microcenter.com/search/search_results.aspx?N=4294966937&NTK=all&page=5&cat=Video-Cards-:-MicroCenter)
2021-04-18 21:34:55 [scrapy] DEBUG: Crawled (200) <GET https://www.microcenter.com/search/search_results.aspx?N=4294966937&NTK=all&page=7&cat=Video-Cards-:-MicroCenter> (referer: https://www.microcenter.com/search/search_results.aspx?N=4294966937&NTK=all&page=6&cat=Video-Cards-:-MicroCenter)
2021-04-18 21:34:55 [scrapy] ERROR: Error processing {'Video Cards': {'href': 'https://www.microcenter.comhttps://www.microcenter.com/product/631918/sapphire-technology-amd-radeon-rx-6800-xt-nitro-se-overclocked-triple-fan-16gb-gddr6-pcie-40-graphics-card',
 'img': 'https://90a1c75758623581b3f8-5c119c3de181c9857fcb2784776b17ef.ssl.cf2.rackcdn.com/0631918_213165.jpg',
 'name': 'AMD Radeon RX 6800 XT Nitro SE Overclocked Triple-Fan 16GB GDDR6 '
         'PCIe 4.0 Graphics Card',
 'part_type': 'Video Cards',
 'price': 1349.0}}
Traceback (most recent call last):
  File "c:\users\rober\desktop\python projects\pc-spawner-backend\venv\lib\site-packages\twisted\internet\defer.py", line 662, in _runCallbacks
    current.result = callback(current.result, *args, **kw)
  File "c:\users\rober\desktop\python projects\pc-spawner-backend\venv\lib\site-packages\scrapy\utils\defer.py", line 150, in f
    return deferred_from_coro(coro_f(*coro_args, **coro_kwargs))
  File "C:\Users\rober\Desktop\Python Projects\PC-Spawner-Backend\pc_generator\pipelines.py", line 22, in process_item
    pc_part.name = item["name"]
KeyError: 'name'
2021-04-18 21:34:55 [scrapy] INFO: Closing spider (finished)
2021-04-18 21:34:55 [scrapy] INFO: Dumping Scrapy stats:
{'downloader/request_bytes': 7898,
 'downloader/request_count': 18,
 'downloader/request_method_count/GET': 18,
 'downloader/response_bytes': 996071,
 'downloader/response_count': 18,
 'downloader/response_status_count/200': 18,
 'elapsed_time_seconds': 4.568719,
 'finish_reason': 'finished',
 'finish_time': datetime.datetime(2021, 4, 19, 4, 34, 55, 358348),
 'log_count/DEBUG': 18,
 'log_count/ERROR': 4,
 'log_count/INFO': 7,
 'log_count/WARNING': 4,
 'request_depth_max': 6,
 'response_received_count': 18,
 'robotstxt/request_count': 1,
 'robotstxt/response_count': 1,
 'robotstxt/response_status_count/200': 1,
 'scheduler/dequeued': 17,
 'scheduler/dequeued/memory': 17,
 'scheduler/enqueued': 17,
 'scheduler/enqueued/memory': 17,
 'start_time': datetime.datetime(2021, 4, 19, 4, 34, 50, 789629)}
2021-04-18 21:34:55 [scrapy] INFO: Spider closed (finished)
