2021-04-02 17:27:09 [scrapy] DEBUG: Crawled (200) <GET https://www.microcenter.com/robots.txt> (referer: None)
2021-04-02 17:27:09 [scrapy] DEBUG: Crawled (200) <GET https://www.microcenter.com/search/search_results.aspx?N=4294966937&NTK=all&sortby=match&rpp=24> (referer: None)
2021-04-02 17:27:10 [scrapy] DEBUG: Crawled (200) <GET https://www.microcenter.com/search/search_results.aspx?Ntk=all&sortby=match&N=4294966654&myStore=false> (referer: None)
2021-04-02 17:27:10 [scrapy] DEBUG: Crawled (200) <GET https://www.microcenter.com/search/search_results.aspx?N=4294966937&NTK=all&page=2&cat=Video-Cards-:-MicroCenter> (referer: https://www.microcenter.com/search/search_results.aspx?N=4294966937&NTK=all&sortby=match&rpp=24)
2021-04-02 17:27:10 [scrapy] DEBUG: Crawled (200) <GET https://www.microcenter.com/search/search_results.aspx?N=4294966654&NTK=all&page=2&cat=Power-Supplies-:-MicroCenter> (referer: https://www.microcenter.com/search/search_results.aspx?Ntk=all&sortby=match&N=4294966654&myStore=false)
2021-04-02 17:27:10 [scrapy] DEBUG: Crawled (200) <GET https://www.microcenter.com/search/search_results.aspx?N=4294966937&NTK=all&page=3&cat=Video-Cards-:-MicroCenter> (referer: https://www.microcenter.com/search/search_results.aspx?N=4294966937&NTK=all&page=2&cat=Video-Cards-:-MicroCenter)
2021-04-02 17:27:10 [scrapy] DEBUG: Crawled (200) <GET https://www.microcenter.com/search/search_results.aspx?N=4294966654&NTK=all&page=3&cat=Power-Supplies-:-MicroCenter> (referer: https://www.microcenter.com/search/search_results.aspx?N=4294966654&NTK=all&page=2&cat=Power-Supplies-:-MicroCenter)
2021-04-02 17:27:11 [scrapy] DEBUG: Crawled (200) <GET https://www.microcenter.com/search/search_results.aspx?N=4294966937&NTK=all&page=4&cat=Video-Cards-:-MicroCenter> (referer: https://www.microcenter.com/search/search_results.aspx?N=4294966937&NTK=all&page=3&cat=Video-Cards-:-MicroCenter)
2021-04-02 17:27:11 [scrapy] DEBUG: Crawled (200) <GET https://www.microcenter.com/search/search_results.aspx?N=4294966654&NTK=all&page=4&cat=Power-Supplies-:-MicroCenter> (referer: https://www.microcenter.com/search/search_results.aspx?N=4294966654&NTK=all&page=3&cat=Power-Supplies-:-MicroCenter)
2021-04-02 17:27:11 [scrapy] DEBUG: Crawled (200) <GET https://www.microcenter.com/search/search_results.aspx?N=4294966937&NTK=all&page=5&cat=Video-Cards-:-MicroCenter> (referer: https://www.microcenter.com/search/search_results.aspx?N=4294966937&NTK=all&page=4&cat=Video-Cards-:-MicroCenter)
2021-04-02 17:27:11 [scrapy] DEBUG: Crawled (200) <GET https://www.microcenter.com/search/search_results.aspx?N=4294966654&NTK=all&page=5&cat=Power-Supplies-:-MicroCenter> (referer: https://www.microcenter.com/search/search_results.aspx?N=4294966654&NTK=all&page=4&cat=Power-Supplies-:-MicroCenter)
2021-04-02 17:27:11 [scrapy] ERROR: Spider must return request, item, or None, got 'ItemLoader' in <GET https://www.microcenter.com/search/search_results.aspx?N=4294966654&NTK=all&page=5&cat=Power-Supplies-:-MicroCenter>
2021-04-02 17:27:11 [scrapy] DEBUG: Crawled (200) <GET https://www.microcenter.com/search/search_results.aspx?N=4294966937&NTK=all&page=6&cat=Video-Cards-:-MicroCenter> (referer: https://www.microcenter.com/search/search_results.aspx?N=4294966937&NTK=all&page=5&cat=Video-Cards-:-MicroCenter)
2021-04-02 17:27:12 [scrapy] DEBUG: Crawled (200) <GET https://www.microcenter.com/search/search_results.aspx?N=4294966937&NTK=all&page=7&cat=Video-Cards-:-MicroCenter> (referer: https://www.microcenter.com/search/search_results.aspx?N=4294966937&NTK=all&page=6&cat=Video-Cards-:-MicroCenter)
2021-04-02 17:27:12 [scrapy] INFO: Closing spider (finished)
2021-04-02 17:27:12 [scrapy] INFO: Dumping Scrapy stats:
{'downloader/request_bytes': 5851,
 'downloader/request_count': 13,
 'downloader/request_method_count/GET': 13,
 'downloader/response_bytes': 711220,
 'downloader/response_count': 13,
 'downloader/response_status_count/200': 13,
 'elapsed_time_seconds': 2.751788,
 'finish_reason': 'finished',
 'finish_time': datetime.datetime(2021, 4, 3, 0, 27, 12, 176271),
 'log_count/DEBUG': 13,
 'log_count/ERROR': 1,
 'log_count/INFO': 7,
 'request_depth_max': 6,
 'response_received_count': 13,
 'robotstxt/request_count': 1,
 'robotstxt/response_count': 1,
 'robotstxt/response_status_count/200': 1,
 'scheduler/dequeued': 12,
 'scheduler/dequeued/memory': 12,
 'scheduler/enqueued': 12,
 'scheduler/enqueued/memory': 12,
 'start_time': datetime.datetime(2021, 4, 3, 0, 27, 9, 424483)}
2021-04-02 17:27:12 [scrapy] INFO: Spider closed (finished)
