2021-04-18 22:10:40 [scrapy] DEBUG: Crawled (200) <GET https://www.microcenter.com/robots.txt> (referer: None)
2021-04-18 22:10:40 [scrapy] DEBUG: Crawled (200) <GET https://www.microcenter.com/search/search_results.aspx?N=4294966937&NTK=all&sortby=match&rpp=24> (referer: None)
2021-04-18 22:10:41 [scrapy] DEBUG: Crawled (200) <GET https://www.microcenter.com/search/search_results.aspx?Ntk=all&sortby=match&N=4294964318&myStore=false> (referer: None)
2021-04-18 22:10:41 [scrapy] DEBUG: Crawled (200) <GET https://www.microcenter.com/category/4294945779/ssd-solid-state-drives> (referer: None)
2021-04-18 22:10:41 [scrapy] DEBUG: Crawled (200) <GET https://www.microcenter.com/search/search_results.aspx?Ntk=all&sortby=match&N=4294966654&myStore=false> (referer: None)
2021-04-18 22:10:41 [scrapy] DEBUG: Crawled (200) <GET https://www.microcenter.com/search/search_results.aspx?N=4294966937&NTK=all&page=2&cat=Video-Cards-:-MicroCenter> (referer: https://www.microcenter.com/search/search_results.aspx?N=4294966937&NTK=all&sortby=match&rpp=24)
2021-04-18 22:10:41 [scrapy] DEBUG: Crawled (200) <GET https://www.microcenter.com/search/search_results.aspx?N=4294945779&NTK=all&page=2&cat=SSD-(Solid-State-Drives)-:-MicroCenter> (referer: https://www.microcenter.com/category/4294945779/ssd-solid-state-drives)
2021-04-18 22:10:41 [scrapy] DEBUG: Crawled (200) <GET https://www.microcenter.com/search/search_results.aspx?N=4294964318&NTK=all&page=2&cat=Computer-Cases-:-MicroCenter> (referer: https://www.microcenter.com/search/search_results.aspx?Ntk=all&sortby=match&N=4294964318&myStore=false)
2021-04-18 22:10:41 [scrapy] DEBUG: Crawled (200) <GET https://www.microcenter.com/search/search_results.aspx?N=4294966937&NTK=all&page=3&cat=Video-Cards-:-MicroCenter> (referer: https://www.microcenter.com/search/search_results.aspx?N=4294966937&NTK=all&page=2&cat=Video-Cards-:-MicroCenter)
2021-04-18 22:10:41 [scrapy] DEBUG: Crawled (200) <GET https://www.microcenter.com/search/search_results.aspx?N=4294966654&NTK=all&page=2&cat=Power-Supplies-:-MicroCenter> (referer: https://www.microcenter.com/search/search_results.aspx?Ntk=all&sortby=match&N=4294966654&myStore=false)
2021-04-18 22:10:42 [scrapy] DEBUG: Crawled (200) <GET https://www.microcenter.com/search/search_results.aspx?N=4294945779&NTK=all&page=1&cat=SSD-(Solid-State-Drives)-:-MicroCenter> (referer: https://www.microcenter.com/search/search_results.aspx?N=4294945779&NTK=all&page=2&cat=SSD-(Solid-State-Drives)-:-MicroCenter)
2021-04-18 22:10:42 [scrapy] DEBUG: Crawled (200) <GET https://www.microcenter.com/search/search_results.aspx?N=4294964318&NTK=all&page=3&cat=Computer-Cases-:-MicroCenter> (referer: https://www.microcenter.com/search/search_results.aspx?N=4294964318&NTK=all&page=2&cat=Computer-Cases-:-MicroCenter)
2021-04-18 22:10:42 [scrapy] DEBUG: Scraped from <200 https://www.microcenter.com/search/search_results.aspx?N=4294945779&NTK=all&page=1&cat=SSD-(Solid-State-Drives)-:-MicroCenter>
{'href': 'https://www.microcenter.comhttps://www.microcenter.com/product/632320/powercolor-amd-radeon-rx-6800-xt-axrx-overclocked-triple-fan-16gb-gddr6-pcie-40-graphics-card',
 'img': 'https://90a1c75758623581b3f8-5c119c3de181c9857fcb2784776b17ef.ssl.cf2.rackcdn.com/0632320_217653.jpg',
 'name': 'AMD Radeon RX 6800 XT AXRX Overclocked Triple-Fan 16GB GDDR6 PCIe '
         '4.0 Graphics Card',
 'part_type': 'Video Cards',
 'price': 1219.99}
2021-04-18 22:10:42 [scrapy] DEBUG: Crawled (200) <GET https://www.microcenter.com/search/search_results.aspx?N=4294966654&NTK=all&page=3&cat=Power-Supplies-:-MicroCenter> (referer: https://www.microcenter.com/search/search_results.aspx?N=4294966654&NTK=all&page=2&cat=Power-Supplies-:-MicroCenter)
2021-04-18 22:10:42 [scrapy] DEBUG: Crawled (200) <GET https://www.microcenter.com/search/search_results.aspx?N=4294966937&NTK=all&page=4&cat=Video-Cards-:-MicroCenter> (referer: https://www.microcenter.com/search/search_results.aspx?N=4294966937&NTK=all&page=3&cat=Video-Cards-:-MicroCenter)
2021-04-18 22:10:42 [scrapy] DEBUG: Scraped from <200 https://www.microcenter.com/search/search_results.aspx?N=4294966654&NTK=all&page=3&cat=Power-Supplies-:-MicroCenter>
{'href': 'https://www.microcenter.comhttps://www.microcenter.com/product/630142/asus-rog-z11-rgb-tempered-glass-mini-itx-mini-tower-gaming-computer-case',
 'img': 'https://90a1c75758623581b3f8-5c119c3de181c9857fcb2784776b17ef.ssl.cf2.rackcdn.com/0630142_201889.jpg',
 'name': 'ROG Z11 RGB Tempered Glass Mini-ITX Mini-Tower Gaming Computer Case',
 'part_type': 'Computer Cases',
 'price': 279.99}
2021-04-18 22:10:42 [scrapy] DEBUG: Crawled (200) <GET https://www.microcenter.com/search/search_results.aspx?N=4294964318&NTK=all&page=4&cat=Computer-Cases-:-MicroCenter> (referer: https://www.microcenter.com/search/search_results.aspx?N=4294964318&NTK=all&page=3&cat=Computer-Cases-:-MicroCenter)
2021-04-18 22:10:42 [scrapy] DEBUG: Scraped from <200 https://www.microcenter.com/search/search_results.aspx?N=4294964318&NTK=all&page=4&cat=Computer-Cases-:-MicroCenter>
{'href': 'https://www.microcenter.comhttps://www.microcenter.com/product/627659/msi-mpg-sekira-100r-tempered-glass-eatx-mid-tower-computer-case',
 'img': 'https://90a1c75758623581b3f8-5c119c3de181c9857fcb2784776b17ef.ssl.cf2.rackcdn.com/0627659_166264.jpg',
 'name': 'MPG SEKIRA 100R Tempered Glass eATX Mid-Tower Computer Case',
 'part_type': 'Computer Cases',
 'price': 119.99}
2021-04-18 22:10:42 [scrapy] DEBUG: Crawled (200) <GET https://www.microcenter.com/search/search_results.aspx?N=4294966937&NTK=all&page=5&cat=Video-Cards-:-MicroCenter> (referer: https://www.microcenter.com/search/search_results.aspx?N=4294966937&NTK=all&page=4&cat=Video-Cards-:-MicroCenter)
2021-04-18 22:10:43 [scrapy] DEBUG: Crawled (200) <GET https://www.microcenter.com/search/search_results.aspx?N=4294966937&NTK=all&page=6&cat=Video-Cards-:-MicroCenter> (referer: https://www.microcenter.com/search/search_results.aspx?N=4294966937&NTK=all&page=5&cat=Video-Cards-:-MicroCenter)
2021-04-18 22:10:43 [scrapy] DEBUG: Crawled (200) <GET https://www.microcenter.com/search/search_results.aspx?N=4294966937&NTK=all&page=7&cat=Video-Cards-:-MicroCenter> (referer: https://www.microcenter.com/search/search_results.aspx?N=4294966937&NTK=all&page=6&cat=Video-Cards-:-MicroCenter)
2021-04-18 22:10:44 [scrapy] DEBUG: Scraped from <200 https://www.microcenter.com/search/search_results.aspx?N=4294966937&NTK=all&page=7&cat=Video-Cards-:-MicroCenter>
{'href': 'https://www.microcenter.comhttps://www.microcenter.com/product/633196/powercolor-amd-radeon-6800-xt-red-devil-overclocked-triple-fan-16gb-gddr6-pcie-40-graphics-card',
 'img': 'https://90a1c75758623581b3f8-5c119c3de181c9857fcb2784776b17ef.ssl.cf2.rackcdn.com/0633196_228130.jpg',
 'name': 'AMD Radeon 6800 XT Red Devil Overclocked Triple-Fan 16GB GDDR6 PCIe '
         '4.0 Graphics Card',
 'part_type': 'Video Cards',
 'price': 1299.99}
2021-04-18 22:10:44 [scrapy] INFO: Closing spider (finished)
2021-04-18 22:10:44 [scrapy] INFO: Dumping Scrapy stats:
{'downloader/request_bytes': 7898,
 'downloader/request_count': 18,
 'downloader/request_method_count/GET': 18,
 'downloader/response_bytes': 996140,
 'downloader/response_count': 18,
 'downloader/response_status_count/200': 18,
 'elapsed_time_seconds': 4.059841,
 'finish_reason': 'finished',
 'finish_time': datetime.datetime(2021, 4, 19, 5, 10, 44, 163911),
 'item_scraped_count': 4,
 'log_count/DEBUG': 22,
 'log_count/INFO': 7,
 'log_count/WARNING': 4,
 'request_depth_max': 6,
 'response_received_count': 18,
 'robotstxt/request_count': 1,
 'robotstxt/response_count': 1,
 'robotstxt/response_status_count/200': 1,
 'scheduler/dequeued': 17,
 'scheduler/dequeued/memory': 17,
 'scheduler/enqueued': 17,
 'scheduler/enqueued/memory': 17,
 'start_time': datetime.datetime(2021, 4, 19, 5, 10, 40, 104070)}
2021-04-18 22:10:44 [scrapy] INFO: Spider closed (finished)
