2021-04-03 16:38:52 [scrapy] DEBUG: Crawled (200) <GET https://www.microcenter.com/robots.txt> (referer: None)
2021-04-03 16:38:53 [scrapy] DEBUG: Crawled (200) <GET https://www.microcenter.com/search/search_results.aspx?N=4294966937&NTK=all&sortby=match&rpp=24> (referer: None)
2021-04-03 16:38:53 [scrapy] DEBUG: Crawled (200) <GET https://www.microcenter.com/search/search_results.aspx?Ntk=all&sortby=match&N=4294966654&myStore=false> (referer: None)
2021-04-03 16:38:53 [scrapy] ERROR: Spider error processing <GET https://www.microcenter.com/search/search_results.aspx?N=4294966937&NTK=all&sortby=match&rpp=24> (referer: None)
Traceback (most recent call last):
  File "/Library/Frameworks/Python.framework/Versions/3.7/lib/python3.7/site-packages/scrapy/utils/defer.py", line 120, in iter_errback
    yield next(it)
  File "/Library/Frameworks/Python.framework/Versions/3.7/lib/python3.7/site-packages/scrapy/utils/python.py", line 353, in __next__
    return next(self.data)
  File "/Library/Frameworks/Python.framework/Versions/3.7/lib/python3.7/site-packages/scrapy/utils/python.py", line 353, in __next__
    return next(self.data)
  File "/Library/Frameworks/Python.framework/Versions/3.7/lib/python3.7/site-packages/scrapy/core/spidermw.py", line 62, in _evaluate_iterable
    for r in iterable:
  File "/Library/Frameworks/Python.framework/Versions/3.7/lib/python3.7/site-packages/scrapy/spidermiddlewares/offsite.py", line 29, in process_spider_output
    for x in result:
  File "/Library/Frameworks/Python.framework/Versions/3.7/lib/python3.7/site-packages/scrapy/core/spidermw.py", line 62, in _evaluate_iterable
    for r in iterable:
  File "/Library/Frameworks/Python.framework/Versions/3.7/lib/python3.7/site-packages/scrapy/spidermiddlewares/referer.py", line 340, in <genexpr>
    return (_set_referer(r) for r in result or ())
  File "/Library/Frameworks/Python.framework/Versions/3.7/lib/python3.7/site-packages/scrapy/core/spidermw.py", line 62, in _evaluate_iterable
    for r in iterable:
  File "/Library/Frameworks/Python.framework/Versions/3.7/lib/python3.7/site-packages/scrapy/spidermiddlewares/urllength.py", line 37, in <genexpr>
    return (r for r in result or () if _filter(r))
  File "/Library/Frameworks/Python.framework/Versions/3.7/lib/python3.7/site-packages/scrapy/core/spidermw.py", line 62, in _evaluate_iterable
    for r in iterable:
  File "/Library/Frameworks/Python.framework/Versions/3.7/lib/python3.7/site-packages/scrapy/spidermiddlewares/depth.py", line 58, in <genexpr>
    return (r for r in result or () if _filter(r))
  File "/Library/Frameworks/Python.framework/Versions/3.7/lib/python3.7/site-packages/scrapy/core/spidermw.py", line 62, in _evaluate_iterable
    for r in iterable:
  File "/Users/robert/Desktop/Python Projects/PC-Generator-Backend/pc_generator/spiders/microcenter_spider.py", line 37, in parse
    loader.add_css(field_name='rating', css='img.imgReviews::attr(alt)')
  File "/Library/Frameworks/Python.framework/Versions/3.7/lib/python3.7/site-packages/itemloaders/__init__.py", line 407, in add_css
    self.add_value(field_name, values, *processors, **kw)
  File "/Library/Frameworks/Python.framework/Versions/3.7/lib/python3.7/site-packages/itemloaders/__init__.py", line 190, in add_value
    self._add_value(field_name, value)
  File "/Library/Frameworks/Python.framework/Versions/3.7/lib/python3.7/site-packages/itemloaders/__init__.py", line 208, in _add_value
    processed_value = self._process_input_value(field_name, value)
  File "/Library/Frameworks/Python.framework/Versions/3.7/lib/python3.7/site-packages/itemloaders/__init__.py", line 312, in _process_input_value
    proc = self.get_input_processor(field_name)
  File "/Library/Frameworks/Python.framework/Versions/3.7/lib/python3.7/site-packages/itemloaders/__init__.py", line 293, in get_input_processor
    self.default_input_processor
  File "/Library/Frameworks/Python.framework/Versions/3.7/lib/python3.7/site-packages/itemloaders/__init__.py", line 308, in _get_item_field_attr
    field_meta = ItemAdapter(self.item).get_field_meta(field_name)
  File "/Library/Frameworks/Python.framework/Versions/3.7/lib/python3.7/site-packages/itemadapter/adapter.py", line 235, in get_field_meta
    return self.adapter.get_field_meta(field_name)
  File "/Library/Frameworks/Python.framework/Versions/3.7/lib/python3.7/site-packages/itemadapter/adapter.py", line 161, in get_field_meta
    return MappingProxyType(self.item.fields[field_name])
KeyError: 'rating'
2021-04-03 16:38:53 [scrapy] ERROR: Spider error processing <GET https://www.microcenter.com/search/search_results.aspx?Ntk=all&sortby=match&N=4294966654&myStore=false> (referer: None)
Traceback (most recent call last):
  File "/Library/Frameworks/Python.framework/Versions/3.7/lib/python3.7/site-packages/scrapy/utils/defer.py", line 120, in iter_errback
    yield next(it)
  File "/Library/Frameworks/Python.framework/Versions/3.7/lib/python3.7/site-packages/scrapy/utils/python.py", line 353, in __next__
    return next(self.data)
  File "/Library/Frameworks/Python.framework/Versions/3.7/lib/python3.7/site-packages/scrapy/utils/python.py", line 353, in __next__
    return next(self.data)
  File "/Library/Frameworks/Python.framework/Versions/3.7/lib/python3.7/site-packages/scrapy/core/spidermw.py", line 62, in _evaluate_iterable
    for r in iterable:
  File "/Library/Frameworks/Python.framework/Versions/3.7/lib/python3.7/site-packages/scrapy/spidermiddlewares/offsite.py", line 29, in process_spider_output
    for x in result:
  File "/Library/Frameworks/Python.framework/Versions/3.7/lib/python3.7/site-packages/scrapy/core/spidermw.py", line 62, in _evaluate_iterable
    for r in iterable:
  File "/Library/Frameworks/Python.framework/Versions/3.7/lib/python3.7/site-packages/scrapy/spidermiddlewares/referer.py", line 340, in <genexpr>
    return (_set_referer(r) for r in result or ())
  File "/Library/Frameworks/Python.framework/Versions/3.7/lib/python3.7/site-packages/scrapy/core/spidermw.py", line 62, in _evaluate_iterable
    for r in iterable:
  File "/Library/Frameworks/Python.framework/Versions/3.7/lib/python3.7/site-packages/scrapy/spidermiddlewares/urllength.py", line 37, in <genexpr>
    return (r for r in result or () if _filter(r))
  File "/Library/Frameworks/Python.framework/Versions/3.7/lib/python3.7/site-packages/scrapy/core/spidermw.py", line 62, in _evaluate_iterable
    for r in iterable:
  File "/Library/Frameworks/Python.framework/Versions/3.7/lib/python3.7/site-packages/scrapy/spidermiddlewares/depth.py", line 58, in <genexpr>
    return (r for r in result or () if _filter(r))
  File "/Library/Frameworks/Python.framework/Versions/3.7/lib/python3.7/site-packages/scrapy/core/spidermw.py", line 62, in _evaluate_iterable
    for r in iterable:
  File "/Users/robert/Desktop/Python Projects/PC-Generator-Backend/pc_generator/spiders/microcenter_spider.py", line 37, in parse
    loader.add_css(field_name='rating', css='img.imgReviews::attr(alt)')
  File "/Library/Frameworks/Python.framework/Versions/3.7/lib/python3.7/site-packages/itemloaders/__init__.py", line 407, in add_css
    self.add_value(field_name, values, *processors, **kw)
  File "/Library/Frameworks/Python.framework/Versions/3.7/lib/python3.7/site-packages/itemloaders/__init__.py", line 190, in add_value
    self._add_value(field_name, value)
  File "/Library/Frameworks/Python.framework/Versions/3.7/lib/python3.7/site-packages/itemloaders/__init__.py", line 208, in _add_value
    processed_value = self._process_input_value(field_name, value)
  File "/Library/Frameworks/Python.framework/Versions/3.7/lib/python3.7/site-packages/itemloaders/__init__.py", line 312, in _process_input_value
    proc = self.get_input_processor(field_name)
  File "/Library/Frameworks/Python.framework/Versions/3.7/lib/python3.7/site-packages/itemloaders/__init__.py", line 293, in get_input_processor
    self.default_input_processor
  File "/Library/Frameworks/Python.framework/Versions/3.7/lib/python3.7/site-packages/itemloaders/__init__.py", line 308, in _get_item_field_attr
    field_meta = ItemAdapter(self.item).get_field_meta(field_name)
  File "/Library/Frameworks/Python.framework/Versions/3.7/lib/python3.7/site-packages/itemadapter/adapter.py", line 235, in get_field_meta
    return self.adapter.get_field_meta(field_name)
  File "/Library/Frameworks/Python.framework/Versions/3.7/lib/python3.7/site-packages/itemadapter/adapter.py", line 161, in get_field_meta
    return MappingProxyType(self.item.fields[field_name])
KeyError: 'rating'
2021-04-03 16:38:53 [scrapy] DEBUG: Crawled (200) <GET https://www.microcenter.com/search/search_results.aspx?Ntk=all&sortby=match&N=4294964318&myStore=false> (referer: None)
2021-04-03 16:38:53 [scrapy] DEBUG: Crawled (200) <GET https://www.microcenter.com/category/4294945779/ssd-solid-state-drives> (referer: None)
2021-04-03 16:38:53 [scrapy] ERROR: Spider error processing <GET https://www.microcenter.com/search/search_results.aspx?Ntk=all&sortby=match&N=4294964318&myStore=false> (referer: None)
Traceback (most recent call last):
  File "/Library/Frameworks/Python.framework/Versions/3.7/lib/python3.7/site-packages/scrapy/utils/defer.py", line 120, in iter_errback
    yield next(it)
  File "/Library/Frameworks/Python.framework/Versions/3.7/lib/python3.7/site-packages/scrapy/utils/python.py", line 353, in __next__
    return next(self.data)
  File "/Library/Frameworks/Python.framework/Versions/3.7/lib/python3.7/site-packages/scrapy/utils/python.py", line 353, in __next__
    return next(self.data)
  File "/Library/Frameworks/Python.framework/Versions/3.7/lib/python3.7/site-packages/scrapy/core/spidermw.py", line 62, in _evaluate_iterable
    for r in iterable:
  File "/Library/Frameworks/Python.framework/Versions/3.7/lib/python3.7/site-packages/scrapy/spidermiddlewares/offsite.py", line 29, in process_spider_output
    for x in result:
  File "/Library/Frameworks/Python.framework/Versions/3.7/lib/python3.7/site-packages/scrapy/core/spidermw.py", line 62, in _evaluate_iterable
    for r in iterable:
  File "/Library/Frameworks/Python.framework/Versions/3.7/lib/python3.7/site-packages/scrapy/spidermiddlewares/referer.py", line 340, in <genexpr>
    return (_set_referer(r) for r in result or ())
  File "/Library/Frameworks/Python.framework/Versions/3.7/lib/python3.7/site-packages/scrapy/core/spidermw.py", line 62, in _evaluate_iterable
    for r in iterable:
  File "/Library/Frameworks/Python.framework/Versions/3.7/lib/python3.7/site-packages/scrapy/spidermiddlewares/urllength.py", line 37, in <genexpr>
    return (r for r in result or () if _filter(r))
  File "/Library/Frameworks/Python.framework/Versions/3.7/lib/python3.7/site-packages/scrapy/core/spidermw.py", line 62, in _evaluate_iterable
    for r in iterable:
  File "/Library/Frameworks/Python.framework/Versions/3.7/lib/python3.7/site-packages/scrapy/spidermiddlewares/depth.py", line 58, in <genexpr>
    return (r for r in result or () if _filter(r))
  File "/Library/Frameworks/Python.framework/Versions/3.7/lib/python3.7/site-packages/scrapy/core/spidermw.py", line 62, in _evaluate_iterable
    for r in iterable:
  File "/Users/robert/Desktop/Python Projects/PC-Generator-Backend/pc_generator/spiders/microcenter_spider.py", line 37, in parse
    loader.add_css(field_name='rating', css='img.imgReviews::attr(alt)')
  File "/Library/Frameworks/Python.framework/Versions/3.7/lib/python3.7/site-packages/itemloaders/__init__.py", line 407, in add_css
    self.add_value(field_name, values, *processors, **kw)
  File "/Library/Frameworks/Python.framework/Versions/3.7/lib/python3.7/site-packages/itemloaders/__init__.py", line 190, in add_value
    self._add_value(field_name, value)
  File "/Library/Frameworks/Python.framework/Versions/3.7/lib/python3.7/site-packages/itemloaders/__init__.py", line 208, in _add_value
    processed_value = self._process_input_value(field_name, value)
  File "/Library/Frameworks/Python.framework/Versions/3.7/lib/python3.7/site-packages/itemloaders/__init__.py", line 312, in _process_input_value
    proc = self.get_input_processor(field_name)
  File "/Library/Frameworks/Python.framework/Versions/3.7/lib/python3.7/site-packages/itemloaders/__init__.py", line 293, in get_input_processor
    self.default_input_processor
  File "/Library/Frameworks/Python.framework/Versions/3.7/lib/python3.7/site-packages/itemloaders/__init__.py", line 308, in _get_item_field_attr
    field_meta = ItemAdapter(self.item).get_field_meta(field_name)
  File "/Library/Frameworks/Python.framework/Versions/3.7/lib/python3.7/site-packages/itemadapter/adapter.py", line 235, in get_field_meta
    return self.adapter.get_field_meta(field_name)
  File "/Library/Frameworks/Python.framework/Versions/3.7/lib/python3.7/site-packages/itemadapter/adapter.py", line 161, in get_field_meta
    return MappingProxyType(self.item.fields[field_name])
KeyError: 'rating'
2021-04-03 16:38:53 [scrapy] ERROR: Spider error processing <GET https://www.microcenter.com/category/4294945779/ssd-solid-state-drives> (referer: None)
Traceback (most recent call last):
  File "/Library/Frameworks/Python.framework/Versions/3.7/lib/python3.7/site-packages/scrapy/utils/defer.py", line 120, in iter_errback
    yield next(it)
  File "/Library/Frameworks/Python.framework/Versions/3.7/lib/python3.7/site-packages/scrapy/utils/python.py", line 353, in __next__
    return next(self.data)
  File "/Library/Frameworks/Python.framework/Versions/3.7/lib/python3.7/site-packages/scrapy/utils/python.py", line 353, in __next__
    return next(self.data)
  File "/Library/Frameworks/Python.framework/Versions/3.7/lib/python3.7/site-packages/scrapy/core/spidermw.py", line 62, in _evaluate_iterable
    for r in iterable:
  File "/Library/Frameworks/Python.framework/Versions/3.7/lib/python3.7/site-packages/scrapy/spidermiddlewares/offsite.py", line 29, in process_spider_output
    for x in result:
  File "/Library/Frameworks/Python.framework/Versions/3.7/lib/python3.7/site-packages/scrapy/core/spidermw.py", line 62, in _evaluate_iterable
    for r in iterable:
  File "/Library/Frameworks/Python.framework/Versions/3.7/lib/python3.7/site-packages/scrapy/spidermiddlewares/referer.py", line 340, in <genexpr>
    return (_set_referer(r) for r in result or ())
  File "/Library/Frameworks/Python.framework/Versions/3.7/lib/python3.7/site-packages/scrapy/core/spidermw.py", line 62, in _evaluate_iterable
    for r in iterable:
  File "/Library/Frameworks/Python.framework/Versions/3.7/lib/python3.7/site-packages/scrapy/spidermiddlewares/urllength.py", line 37, in <genexpr>
    return (r for r in result or () if _filter(r))
  File "/Library/Frameworks/Python.framework/Versions/3.7/lib/python3.7/site-packages/scrapy/core/spidermw.py", line 62, in _evaluate_iterable
    for r in iterable:
  File "/Library/Frameworks/Python.framework/Versions/3.7/lib/python3.7/site-packages/scrapy/spidermiddlewares/depth.py", line 58, in <genexpr>
    return (r for r in result or () if _filter(r))
  File "/Library/Frameworks/Python.framework/Versions/3.7/lib/python3.7/site-packages/scrapy/core/spidermw.py", line 62, in _evaluate_iterable
    for r in iterable:
  File "/Users/robert/Desktop/Python Projects/PC-Generator-Backend/pc_generator/spiders/microcenter_spider.py", line 37, in parse
    loader.add_css(field_name='rating', css='img.imgReviews::attr(alt)')
  File "/Library/Frameworks/Python.framework/Versions/3.7/lib/python3.7/site-packages/itemloaders/__init__.py", line 407, in add_css
    self.add_value(field_name, values, *processors, **kw)
  File "/Library/Frameworks/Python.framework/Versions/3.7/lib/python3.7/site-packages/itemloaders/__init__.py", line 190, in add_value
    self._add_value(field_name, value)
  File "/Library/Frameworks/Python.framework/Versions/3.7/lib/python3.7/site-packages/itemloaders/__init__.py", line 208, in _add_value
    processed_value = self._process_input_value(field_name, value)
  File "/Library/Frameworks/Python.framework/Versions/3.7/lib/python3.7/site-packages/itemloaders/__init__.py", line 312, in _process_input_value
    proc = self.get_input_processor(field_name)
  File "/Library/Frameworks/Python.framework/Versions/3.7/lib/python3.7/site-packages/itemloaders/__init__.py", line 293, in get_input_processor
    self.default_input_processor
  File "/Library/Frameworks/Python.framework/Versions/3.7/lib/python3.7/site-packages/itemloaders/__init__.py", line 308, in _get_item_field_attr
    field_meta = ItemAdapter(self.item).get_field_meta(field_name)
  File "/Library/Frameworks/Python.framework/Versions/3.7/lib/python3.7/site-packages/itemadapter/adapter.py", line 235, in get_field_meta
    return self.adapter.get_field_meta(field_name)
  File "/Library/Frameworks/Python.framework/Versions/3.7/lib/python3.7/site-packages/itemadapter/adapter.py", line 161, in get_field_meta
    return MappingProxyType(self.item.fields[field_name])
KeyError: 'rating'
2021-04-03 16:38:53 [scrapy] INFO: Closing spider (finished)
2021-04-03 16:38:53 [scrapy] INFO: Dumping Scrapy stats:
{'downloader/request_bytes': 1362,
 'downloader/request_count': 5,
 'downloader/request_method_count/GET': 5,
 'downloader/response_bytes': 246093,
 'downloader/response_count': 5,
 'downloader/response_status_count/200': 5,
 'elapsed_time_seconds': 1.37142,
 'finish_reason': 'finished',
 'finish_time': datetime.datetime(2021, 4, 3, 23, 38, 53, 908589),
 'log_count/DEBUG': 5,
 'log_count/ERROR': 4,
 'log_count/INFO': 7,
 'memusage/max': 96292864,
 'memusage/startup': 96292864,
 'response_received_count': 5,
 'robotstxt/request_count': 1,
 'robotstxt/response_count': 1,
 'robotstxt/response_status_count/200': 1,
 'scheduler/dequeued': 4,
 'scheduler/dequeued/memory': 4,
 'scheduler/enqueued': 4,
 'scheduler/enqueued/memory': 4,
 'spider_exceptions/KeyError': 4,
 'start_time': datetime.datetime(2021, 4, 3, 23, 38, 52, 537169)}
2021-04-03 16:38:53 [scrapy] INFO: Spider closed (finished)
