2021-04-19 11:44:38 [scrapy] DEBUG: Crawled (200) <GET https://www.microcenter.com/robots.txt> (referer: None)
2021-04-19 11:44:38 [scrapy] DEBUG: Crawled (200) <GET https://www.microcenter.com/search/search_results.aspx?N=4294966937&NTK=all&sortby=match&rpp=24> (referer: None)
2021-04-19 11:44:38 [scrapy] DEBUG: Crawled (200) <GET https://www.microcenter.com/search/search_results.aspx?Ntk=all&sortby=match&N=4294964318&myStore=false> (referer: None)
2021-04-19 11:44:38 [scrapy] DEBUG: Crawled (200) <GET https://www.microcenter.com/search/search_results.aspx?Ntk=all&sortby=match&N=4294966654&myStore=false> (referer: None)
2021-04-19 11:44:39 [scrapy] DEBUG: Scraped from <200 https://www.microcenter.com/search/search_results.aspx?N=4294966937&NTK=all&sortby=match&rpp=24>
{'href': 'https://www.microcenter.comhttps://www.microcenter.com/product/631533/msi-geforce-rtx-3080-suprim-x-overclocked-triple-fan-10gb-gddr6x-pcie-40-graphics-card',
 'img': 'https://90a1c75758623581b3f8-5c119c3de181c9857fcb2784776b17ef.ssl.cf2.rackcdn.com/0631533_207761.jpg',
 'name': 'GeForce RTX 3080 SUPRIM X Overclocked Triple-Fan 10GB GDDR6X PCIe '
         '4.0 Graphics Card',
 'part_type': 'Video Cards',
 'price': 1134.99}
2021-04-19 11:44:39 [scrapy] DEBUG: Scraped from <200 https://www.microcenter.com/search/search_results.aspx?Ntk=all&sortby=match&N=4294964318&myStore=false>
{'href': 'https://www.microcenter.comhttps://www.microcenter.com/product/507885/corsair-obsidian-500d-rgb-se-tempered-glass-atx-mid-tower-computer-case---black',
 'img': 'https://90a1c75758623581b3f8-5c119c3de181c9857fcb2784776b17ef.ssl.cf2.rackcdn.com/0507885_788612.jpg',
 'name': 'Obsidian 500D RGB SE Tempered Glass ATX Mid-Tower Computer Case - '
         'Black',
 'part_type': 'Computer Cases',
 'price': 289.99}
2021-04-19 11:44:39 [scrapy] DEBUG: Scraped from <200 https://www.microcenter.com/search/search_results.aspx?Ntk=all&sortby=match&N=4294966654&myStore=false>
{'href': 'https://www.microcenter.comhttps://www.microcenter.com/product/501648/seasonic-usa-prime-tx-850,-850w-80-titanium,-full-modular,-fan-control-in-fanless,-silent,-and-cooling-mode,-12-year-warranty,-perfect-power-supply-fo',
 'img': 'https://90a1c75758623581b3f8-5c119c3de181c9857fcb2784776b17ef.ssl.cf2.rackcdn.com/0501648_685099.jpg',
 'name': 'PRIME TX-850, 850W 80+ Titanium, Full Modular, Fan Control in '
         'Fanless, Silent, and Cooling Mode, 12 Year Warranty, Perfect Power '
         'Supply for Gaming and High-Performance Systems, SSR-850TR.',
 'part_type': 'Power Supplies',
 'price': 239.99}
2021-04-19 11:44:39 [scrapy] DEBUG: Crawled (200) <GET https://www.microcenter.com/category/4294945779/ssd-solid-state-drives> (referer: None)
2021-04-19 11:44:39 [scrapy] DEBUG: Scraped from <200 https://www.microcenter.com/category/4294945779/ssd-solid-state-drives>
{'href': 'https://www.microcenter.comhttps://www.microcenter.com/product/618517/seagate-firecuda-520-2tb-performance-m2-nvme-13-interface,-pcie-gen4-x4-for-gaming,-pc-gaming,-laptop,-desktop,-internal-solid-state-drive-ssd,-3d-tlc',
 'img': 'https://90a1c75758623581b3f8-5c119c3de181c9857fcb2784776b17ef.ssl.cf2.rackcdn.com/0618517_070102.jpg',
 'name': 'Firecuda 520 2TB Performance M.2 NVMe 1.3 Interface, PCIe Gen4 X4 '
         'for Gaming, PC Gaming, Laptop, Desktop, Internal Solid State Drive '
         'SSD, 3D TLC, (ZP2000GM3A002)',
 'part_type': 'SSD (Solid State Drives)',
 'price': 365.99}
2021-04-19 11:44:39 [scrapy] INFO: Closing spider (finished)
2021-04-19 11:44:39 [scrapy] INFO: Dumping Scrapy stats:
{'downloader/request_bytes': 1362,
 'downloader/request_count': 5,
 'downloader/request_method_count/GET': 5,
 'downloader/response_bytes': 246017,
 'downloader/response_count': 5,
 'downloader/response_status_count/200': 5,
 'elapsed_time_seconds': 1.559936,
 'finish_reason': 'finished',
 'finish_time': datetime.datetime(2021, 4, 19, 18, 44, 39, 626220),
 'item_scraped_count': 4,
 'log_count/DEBUG': 9,
 'log_count/INFO': 7,
 'memusage/max': 158617600,
 'memusage/startup': 158617600,
 'response_received_count': 5,
 'robotstxt/request_count': 1,
 'robotstxt/response_count': 1,
 'robotstxt/response_status_count/200': 1,
 'scheduler/dequeued': 4,
 'scheduler/dequeued/memory': 4,
 'scheduler/enqueued': 4,
 'scheduler/enqueued/memory': 4,
 'start_time': datetime.datetime(2021, 4, 19, 18, 44, 38, 66284)}
2021-04-19 11:44:39 [scrapy] INFO: Spider closed (finished)
