2021-04-02 14:38:43 [scrapy] DEBUG: Crawled (200) <GET https://www.microcenter.com/robots.txt> (referer: None)
2021-04-02 14:38:43 [scrapy] DEBUG: Crawled (200) <GET https://www.microcenter.com/search/search_results.aspx?N=4294966937> (referer: None)
2021-04-02 14:38:43 [scrapy] ERROR: Spider error processing <GET https://www.microcenter.com/search/search_results.aspx?N=4294966937> (referer: None)
Traceback (most recent call last):
  File "c:\users\rober\desktop\python projects\pc-spawner-backend\venv\lib\site-packages\scrapy\utils\defer.py", line 120, in iter_errback
    yield next(it)
  File "c:\users\rober\desktop\python projects\pc-spawner-backend\venv\lib\site-packages\scrapy\utils\python.py", line 353, in __next__
    return next(self.data)
  File "c:\users\rober\desktop\python projects\pc-spawner-backend\venv\lib\site-packages\scrapy\utils\python.py", line 353, in __next__
    return next(self.data)
  File "c:\users\rober\desktop\python projects\pc-spawner-backend\venv\lib\site-packages\scrapy\core\spidermw.py", line 62, in _evaluate_iterable
    for r in iterable:
  File "c:\users\rober\desktop\python projects\pc-spawner-backend\venv\lib\site-packages\scrapy\spidermiddlewares\offsite.py", line 29, in process_spider_output
    for x in result:
  File "c:\users\rober\desktop\python projects\pc-spawner-backend\venv\lib\site-packages\scrapy\core\spidermw.py", line 62, in _evaluate_iterable
    for r in iterable:
  File "c:\users\rober\desktop\python projects\pc-spawner-backend\venv\lib\site-packages\scrapy\spidermiddlewares\referer.py", line 340, in <genexpr>
    return (_set_referer(r) for r in result or ())
  File "c:\users\rober\desktop\python projects\pc-spawner-backend\venv\lib\site-packages\scrapy\core\spidermw.py", line 62, in _evaluate_iterable
    for r in iterable:
  File "c:\users\rober\desktop\python projects\pc-spawner-backend\venv\lib\site-packages\scrapy\spidermiddlewares\urllength.py", line 37, in <genexpr>
    return (r for r in result or () if _filter(r))
  File "c:\users\rober\desktop\python projects\pc-spawner-backend\venv\lib\site-packages\scrapy\core\spidermw.py", line 62, in _evaluate_iterable
    for r in iterable:
  File "c:\users\rober\desktop\python projects\pc-spawner-backend\venv\lib\site-packages\scrapy\spidermiddlewares\depth.py", line 58, in <genexpr>
    return (r for r in result or () if _filter(r))
  File "c:\users\rober\desktop\python projects\pc-spawner-backend\venv\lib\site-packages\scrapy\core\spidermw.py", line 62, in _evaluate_iterable
    for r in iterable:
  File "C:\Users\rober\Desktop\Python Projects\PC-Spawner-Backend\pc_generator\spiders\microcenter_spider.py", line 21, in parse
    if loaded.price >= 300:
  File "c:\users\rober\desktop\python projects\pc-spawner-backend\venv\lib\site-packages\scrapy\item.py", line 106, in __getattr__
    raise AttributeError(f"Use item[{name!r}] to get field value")
AttributeError: Use item['price'] to get field value
2021-04-02 14:38:43 [scrapy] INFO: Closing spider (finished)
2021-04-02 14:38:43 [scrapy] INFO: Dumping Scrapy stats:
{'downloader/request_bytes': 487,
 'downloader/request_count': 2,
 'downloader/request_method_count/GET': 2,
 'downloader/response_bytes': 60319,
 'downloader/response_count': 2,
 'downloader/response_status_count/200': 2,
 'elapsed_time_seconds': 0.796177,
 'finish_reason': 'finished',
 'finish_time': datetime.datetime(2021, 4, 2, 21, 38, 43, 582389),
 'log_count/DEBUG': 2,
 'log_count/ERROR': 1,
 'log_count/INFO': 7,
 'response_received_count': 2,
 'robotstxt/request_count': 1,
 'robotstxt/response_count': 1,
 'robotstxt/response_status_count/200': 1,
 'scheduler/dequeued': 1,
 'scheduler/dequeued/memory': 1,
 'scheduler/enqueued': 1,
 'scheduler/enqueued/memory': 1,
 'spider_exceptions/AttributeError': 1,
 'start_time': datetime.datetime(2021, 4, 2, 21, 38, 42, 786212)}
2021-04-02 14:38:43 [scrapy] INFO: Spider closed (finished)
