2021-04-19 11:44:23 [scrapy] DEBUG: Crawled (200) <GET https://www.microcenter.com/robots.txt> (referer: None)
2021-04-19 11:44:23 [scrapy] DEBUG: Crawled (200) <GET https://www.microcenter.com/search/search_results.aspx?N=4294966937&NTK=all&sortby=match&rpp=24> (referer: None)
2021-04-19 11:44:23 [scrapy] DEBUG: Crawled (200) <GET https://www.microcenter.com/category/4294945779/ssd-solid-state-drives> (referer: None)
2021-04-19 11:44:23 [scrapy] DEBUG: Scraped from <200 https://www.microcenter.com/search/search_results.aspx?N=4294966937&NTK=all&sortby=match&rpp=24>
{'href': 'https://www.microcenter.comhttps://www.microcenter.com/product/616156/msi-geforce-gtx-1660-super-ventus-xs-overclocked-dual-fan-6gb-gddr6-pcie-30-graphics-card',
 'img': 'https://90a1c75758623581b3f8-5c119c3de181c9857fcb2784776b17ef.ssl.cf2.rackcdn.com/0616156_042036.jpg',
 'name': 'GeForce GTX 1660 Super Ventus XS Overclocked Dual-Fan 6GB GDDR6 PCIe '
         '3.0 Graphics Card',
 'part_type': 'Video Cards',
 'price': 434.99}
2021-04-19 11:44:23 [scrapy] DEBUG: Scraped from <200 https://www.microcenter.com/category/4294945779/ssd-solid-state-drives>
{'href': 'https://www.microcenter.comhttps://www.microcenter.com/product/627081/seagate-firecuda-120-1tb-ssd-3d-tlc-nand-sata-iii-6gb-s-25-internal-solid-state-drive',
 'img': 'https://90a1c75758623581b3f8-5c119c3de181c9857fcb2784776b17ef.ssl.cf2.rackcdn.com/0627081_159665.jpg',
 'name': 'FireCuda 120 1TB SSD 3D TLC NAND SATA III 6Gb/s 2.5&quot; Internal '
         'Solid State Drive',
 'part_type': 'SSD (Solid State Drives)',
 'price': 134.99}
2021-04-19 11:44:23 [scrapy] DEBUG: Crawled (200) <GET https://www.microcenter.com/search/search_results.aspx?Ntk=all&sortby=match&N=4294964318&myStore=false> (referer: None)
2021-04-19 11:44:23 [scrapy] DEBUG: Crawled (200) <GET https://www.microcenter.com/search/search_results.aspx?Ntk=all&sortby=match&N=4294966654&myStore=false> (referer: None)
2021-04-19 11:44:24 [scrapy] DEBUG: Scraped from <200 https://www.microcenter.com/search/search_results.aspx?Ntk=all&sortby=match&N=4294964318&myStore=false>
{'href': 'https://www.microcenter.comhttps://www.microcenter.com/product/615386/lian-li-lancool-ii-tempered-glass-eatx-full-tower-computer-case---white',
 'img': 'https://90a1c75758623581b3f8-5c119c3de181c9857fcb2784776b17ef.ssl.cf2.rackcdn.com/0615386_041582.jpg',
 'name': 'Lancool II Tempered Glass eATX Full Tower Computer Case - White',
 'part_type': 'Computer Cases',
 'price': 104.99}
2021-04-19 11:44:24 [scrapy] DEBUG: Scraped from <200 https://www.microcenter.com/search/search_results.aspx?Ntk=all&sortby=match&N=4294966654&myStore=false>
{'href': 'https://www.microcenter.comhttps://www.microcenter.com/product/485308/powerspec-750w-power-supply-semi-modular-80-plus-bronze-certified-atx-active-pfc-sli-crossfire-ready-gaming-pc-computer-switching-psu',
 'img': 'https://90a1c75758623581b3f8-5c119c3de181c9857fcb2784776b17ef.ssl.cf2.rackcdn.com/0485308_402362.jpg',
 'name': '750W Power Supply Semi Modular 80 Plus Bronze Certified ATX Active '
         'PFC SLI Crossfire Ready Gaming PC Computer Switching PSU',
 'part_type': 'Power Supplies',
 'price': 84.99}
2021-04-19 11:44:24 [scrapy] INFO: Closing spider (finished)
2021-04-19 11:44:24 [scrapy] INFO: Dumping Scrapy stats:
{'downloader/request_bytes': 1362,
 'downloader/request_count': 5,
 'downloader/request_method_count/GET': 5,
 'downloader/response_bytes': 246063,
 'downloader/response_count': 5,
 'downloader/response_status_count/200': 5,
 'elapsed_time_seconds': 4.093726,
 'finish_reason': 'finished',
 'finish_time': datetime.datetime(2021, 4, 19, 18, 44, 24, 197346),
 'item_scraped_count': 4,
 'log_count/DEBUG': 9,
 'log_count/INFO': 7,
 'memusage/max': 153878528,
 'memusage/startup': 153878528,
 'response_received_count': 5,
 'robotstxt/request_count': 1,
 'robotstxt/response_count': 1,
 'robotstxt/response_status_count/200': 1,
 'scheduler/dequeued': 4,
 'scheduler/dequeued/memory': 4,
 'scheduler/enqueued': 4,
 'scheduler/enqueued/memory': 4,
 'start_time': datetime.datetime(2021, 4, 19, 18, 44, 20, 103620)}
2021-04-19 11:44:24 [scrapy] INFO: Spider closed (finished)
