2021-04-18 18:30:13 [scrapy] DEBUG: Crawled (200) <GET https://www.microcenter.com/robots.txt> (referer: None)
2021-04-18 18:30:13 [scrapy] DEBUG: Crawled (200) <GET https://www.microcenter.com/search/search_results.aspx?N=4294966937&NTK=all&sortby=match&rpp=24> (referer: None)
2021-04-18 18:30:13 [scrapy] DEBUG: Crawled (200) <GET https://www.microcenter.com/category/4294945779/ssd-solid-state-drives> (referer: None)
2021-04-18 18:30:13 [scrapy] DEBUG: Scraped from <200 https://www.microcenter.com/search/search_results.aspx?N=4294966937&NTK=all&sortby=match&rpp=24>
{'href': 'https://www.microcenter.comhttps://www.microcenter.com/product/630577/evga-geforce-rtx-3070-ftw3-ultra-gaming-triple-fan-8gb-gddr6-pcie-40-graphics-card',
 'img': 'https://90a1c75758623581b3f8-5c119c3de181c9857fcb2784776b17ef.ssl.cf2.rackcdn.com/0630577_195875.jpg',
 'name': 'GeForce RTX 3070 FTW3 ULTRA GAMING Triple-Fan 8GB GDDR6 PCIe 4.0 '
         'Graphics Card',
 'part_type': 'Video Cards',
 'price': 679.99}
2021-04-18 18:30:13 [scrapy] DEBUG: Crawled (200) <GET https://www.microcenter.com/search/search_results.aspx?Ntk=all&sortby=match&N=4294966654&myStore=false> (referer: None)
2021-04-18 18:30:13 [scrapy] DEBUG: Crawled (200) <GET https://www.microcenter.com/search/search_results.aspx?Ntk=all&sortby=match&N=4294964318&myStore=false> (referer: None)
2021-04-18 18:30:13 [scrapy] DEBUG: Scraped from <200 https://www.microcenter.com/category/4294945779/ssd-solid-state-drives>
{'href': 'https://www.microcenter.comhttps://www.microcenter.com/product/618516/seagate-firecuda-520-1tb-performance-m2-nvme-13-interface,-pcie-gen4-x4-for-gaming,-pc-gaming,-laptop,-desktop,-internal-solid-state-drive-ssd,-3d-tlc',
 'img': 'https://90a1c75758623581b3f8-5c119c3de181c9857fcb2784776b17ef.ssl.cf2.rackcdn.com/0618516_070110.jpg',
 'name': 'Firecuda 520 1TB Performance M.2 NVMe 1.3 Interface, PCIe Gen4 X4 '
         'for Gaming, PC Gaming, Laptop, Desktop, Internal Solid State Drive '
         'SSD, 3D TLC, (ZP1000GM3A002)',
 'part_type': 'SSD (Solid State Drives)',
 'price': 183.99}
2021-04-18 18:30:14 [scrapy] DEBUG: Scraped from <200 https://www.microcenter.com/search/search_results.aspx?Ntk=all&sortby=match&N=4294966654&myStore=false>
{'href': 'https://www.microcenter.comhttps://www.microcenter.com/product/618685/nzxt-c750-750-watt-80-plus-gold-atx-fully-modular-power-supply',
 'img': 'https://90a1c75758623581b3f8-5c119c3de181c9857fcb2784776b17ef.ssl.cf2.rackcdn.com/0618685_075192.jpg',
 'name': 'C750 750 Watt 80 Plus Gold ATX Fully Modular Power Supply',
 'part_type': 'Power Supplies',
 'price': 139.99}
2021-04-18 18:30:14 [scrapy] DEBUG: Scraped from <200 https://www.microcenter.com/search/search_results.aspx?Ntk=all&sortby=match&N=4294964318&myStore=false>
{'href': 'https://www.microcenter.comhttps://www.microcenter.com/product/626304/corsair-icue-4000x-rgb-tempered-glass-atx-mid-tower-computer-case---black',
 'img': 'https://90a1c75758623581b3f8-5c119c3de181c9857fcb2784776b17ef.ssl.cf2.rackcdn.com/0626304_153593.jpg',
 'name': 'iCUE 4000X RGB Tempered Glass ATX Mid-Tower Computer Case - Black',
 'part_type': 'Computer Cases',
 'price': 149.99}
2021-04-18 18:30:14 [scrapy] INFO: Closing spider (finished)
2021-04-18 18:30:14 [scrapy] INFO: Dumping Scrapy stats:
{'downloader/request_bytes': 1362,
 'downloader/request_count': 5,
 'downloader/request_method_count/GET': 5,
 'downloader/response_bytes': 244512,
 'downloader/response_count': 5,
 'downloader/response_status_count/200': 5,
 'elapsed_time_seconds': 1.45463,
 'finish_reason': 'finished',
 'finish_time': datetime.datetime(2021, 4, 19, 1, 30, 14, 128196),
 'item_scraped_count': 4,
 'log_count/DEBUG': 9,
 'log_count/INFO': 7,
 'memusage/max': 166576128,
 'memusage/startup': 166576128,
 'response_received_count': 5,
 'robotstxt/request_count': 1,
 'robotstxt/response_count': 1,
 'robotstxt/response_status_count/200': 1,
 'scheduler/dequeued': 4,
 'scheduler/dequeued/memory': 4,
 'scheduler/enqueued': 4,
 'scheduler/enqueued/memory': 4,
 'start_time': datetime.datetime(2021, 4, 19, 1, 30, 12, 673566)}
2021-04-18 18:30:14 [scrapy] INFO: Spider closed (finished)
