2021-04-02 15:46:37 [scrapy] DEBUG: Crawled (200) <GET https://www.microcenter.com/robots.txt> (referer: None)
2021-04-02 15:46:38 [scrapy] DEBUG: Crawled (200) <GET https://www.microcenter.com/search/search_results.aspx?N=4294966937&NTK=all&sortby=match&rpp=24> (referer: None)
2021-04-02 15:46:38 [scrapy] ERROR: Spider error processing <GET https://www.microcenter.com/search/search_results.aspx?N=4294966937&NTK=all&sortby=match&rpp=24> (referer: None)
Traceback (most recent call last):
  File "c:\users\rober\desktop\python projects\pc-spawner-backend\venv\lib\site-packages\scrapy\utils\defer.py", line 120, in iter_errback
    yield next(it)
  File "c:\users\rober\desktop\python projects\pc-spawner-backend\venv\lib\site-packages\scrapy\utils\python.py", line 353, in __next__
    return next(self.data)
  File "c:\users\rober\desktop\python projects\pc-spawner-backend\venv\lib\site-packages\scrapy\utils\python.py", line 353, in __next__
    return next(self.data)
  File "c:\users\rober\desktop\python projects\pc-spawner-backend\venv\lib\site-packages\scrapy\core\spidermw.py", line 62, in _evaluate_iterable
    for r in iterable:
  File "c:\users\rober\desktop\python projects\pc-spawner-backend\venv\lib\site-packages\scrapy\spidermiddlewares\offsite.py", line 29, in process_spider_output
    for x in result:
  File "c:\users\rober\desktop\python projects\pc-spawner-backend\venv\lib\site-packages\scrapy\core\spidermw.py", line 62, in _evaluate_iterable
    for r in iterable:
  File "c:\users\rober\desktop\python projects\pc-spawner-backend\venv\lib\site-packages\scrapy\spidermiddlewares\referer.py", line 340, in <genexpr>
    return (_set_referer(r) for r in result or ())
  File "c:\users\rober\desktop\python projects\pc-spawner-backend\venv\lib\site-packages\scrapy\core\spidermw.py", line 62, in _evaluate_iterable
    for r in iterable:
  File "c:\users\rober\desktop\python projects\pc-spawner-backend\venv\lib\site-packages\scrapy\spidermiddlewares\urllength.py", line 37, in <genexpr>
    return (r for r in result or () if _filter(r))
  File "c:\users\rober\desktop\python projects\pc-spawner-backend\venv\lib\site-packages\scrapy\core\spidermw.py", line 62, in _evaluate_iterable
    for r in iterable:
  File "c:\users\rober\desktop\python projects\pc-spawner-backend\venv\lib\site-packages\scrapy\spidermiddlewares\depth.py", line 58, in <genexpr>
    return (r for r in result or () if _filter(r))
  File "c:\users\rober\desktop\python projects\pc-spawner-backend\venv\lib\site-packages\scrapy\core\spidermw.py", line 62, in _evaluate_iterable
    for r in iterable:
  File "C:\Users\rober\Desktop\Python Projects\PC-Spawner-Backend\pc_generator\spiders\microcenter_spider.py", line 26, in parse
    loader.add_value(field_name='type', value=type_of_part)
  File "c:\users\rober\desktop\python projects\pc-spawner-backend\venv\lib\site-packages\itemloaders\__init__.py", line 190, in add_value
    self._add_value(field_name, value)
  File "c:\users\rober\desktop\python projects\pc-spawner-backend\venv\lib\site-packages\itemloaders\__init__.py", line 208, in _add_value
    processed_value = self._process_input_value(field_name, value)
  File "c:\users\rober\desktop\python projects\pc-spawner-backend\venv\lib\site-packages\itemloaders\__init__.py", line 312, in _process_input_value
    proc = self.get_input_processor(field_name)
  File "c:\users\rober\desktop\python projects\pc-spawner-backend\venv\lib\site-packages\itemloaders\__init__.py", line 290, in get_input_processor
    proc = self._get_item_field_attr(
  File "c:\users\rober\desktop\python projects\pc-spawner-backend\venv\lib\site-packages\itemloaders\__init__.py", line 308, in _get_item_field_attr
    field_meta = ItemAdapter(self.item).get_field_meta(field_name)
  File "c:\users\rober\desktop\python projects\pc-spawner-backend\venv\lib\site-packages\itemadapter\adapter.py", line 235, in get_field_meta
    return self.adapter.get_field_meta(field_name)
  File "c:\users\rober\desktop\python projects\pc-spawner-backend\venv\lib\site-packages\itemadapter\adapter.py", line 161, in get_field_meta
    return MappingProxyType(self.item.fields[field_name])
KeyError: 'type'
2021-04-02 15:46:38 [scrapy] DEBUG: Crawled (200) <GET https://www.microcenter.com/search/search_results.aspx?Ntk=all&sortby=match&N=4294966654&myStore=false> (referer: None)
2021-04-02 15:46:38 [scrapy] ERROR: Spider error processing <GET https://www.microcenter.com/search/search_results.aspx?Ntk=all&sortby=match&N=4294966654&myStore=false> (referer: None)
Traceback (most recent call last):
  File "c:\users\rober\desktop\python projects\pc-spawner-backend\venv\lib\site-packages\scrapy\utils\defer.py", line 120, in iter_errback
    yield next(it)
  File "c:\users\rober\desktop\python projects\pc-spawner-backend\venv\lib\site-packages\scrapy\utils\python.py", line 353, in __next__
    return next(self.data)
  File "c:\users\rober\desktop\python projects\pc-spawner-backend\venv\lib\site-packages\scrapy\utils\python.py", line 353, in __next__
    return next(self.data)
  File "c:\users\rober\desktop\python projects\pc-spawner-backend\venv\lib\site-packages\scrapy\core\spidermw.py", line 62, in _evaluate_iterable
    for r in iterable:
  File "c:\users\rober\desktop\python projects\pc-spawner-backend\venv\lib\site-packages\scrapy\spidermiddlewares\offsite.py", line 29, in process_spider_output
    for x in result:
  File "c:\users\rober\desktop\python projects\pc-spawner-backend\venv\lib\site-packages\scrapy\core\spidermw.py", line 62, in _evaluate_iterable
    for r in iterable:
  File "c:\users\rober\desktop\python projects\pc-spawner-backend\venv\lib\site-packages\scrapy\spidermiddlewares\referer.py", line 340, in <genexpr>
    return (_set_referer(r) for r in result or ())
  File "c:\users\rober\desktop\python projects\pc-spawner-backend\venv\lib\site-packages\scrapy\core\spidermw.py", line 62, in _evaluate_iterable
    for r in iterable:
  File "c:\users\rober\desktop\python projects\pc-spawner-backend\venv\lib\site-packages\scrapy\spidermiddlewares\urllength.py", line 37, in <genexpr>
    return (r for r in result or () if _filter(r))
  File "c:\users\rober\desktop\python projects\pc-spawner-backend\venv\lib\site-packages\scrapy\core\spidermw.py", line 62, in _evaluate_iterable
    for r in iterable:
  File "c:\users\rober\desktop\python projects\pc-spawner-backend\venv\lib\site-packages\scrapy\spidermiddlewares\depth.py", line 58, in <genexpr>
    return (r for r in result or () if _filter(r))
  File "c:\users\rober\desktop\python projects\pc-spawner-backend\venv\lib\site-packages\scrapy\core\spidermw.py", line 62, in _evaluate_iterable
    for r in iterable:
  File "C:\Users\rober\Desktop\Python Projects\PC-Spawner-Backend\pc_generator\spiders\microcenter_spider.py", line 26, in parse
    loader.add_value(field_name='type', value=type_of_part)
  File "c:\users\rober\desktop\python projects\pc-spawner-backend\venv\lib\site-packages\itemloaders\__init__.py", line 190, in add_value
    self._add_value(field_name, value)
  File "c:\users\rober\desktop\python projects\pc-spawner-backend\venv\lib\site-packages\itemloaders\__init__.py", line 208, in _add_value
    processed_value = self._process_input_value(field_name, value)
  File "c:\users\rober\desktop\python projects\pc-spawner-backend\venv\lib\site-packages\itemloaders\__init__.py", line 312, in _process_input_value
    proc = self.get_input_processor(field_name)
  File "c:\users\rober\desktop\python projects\pc-spawner-backend\venv\lib\site-packages\itemloaders\__init__.py", line 290, in get_input_processor
    proc = self._get_item_field_attr(
  File "c:\users\rober\desktop\python projects\pc-spawner-backend\venv\lib\site-packages\itemloaders\__init__.py", line 308, in _get_item_field_attr
    field_meta = ItemAdapter(self.item).get_field_meta(field_name)
  File "c:\users\rober\desktop\python projects\pc-spawner-backend\venv\lib\site-packages\itemadapter\adapter.py", line 235, in get_field_meta
    return self.adapter.get_field_meta(field_name)
  File "c:\users\rober\desktop\python projects\pc-spawner-backend\venv\lib\site-packages\itemadapter\adapter.py", line 161, in get_field_meta
    return MappingProxyType(self.item.fields[field_name])
KeyError: 'type'
2021-04-02 15:46:38 [scrapy] INFO: Closing spider (finished)
2021-04-02 15:46:38 [scrapy] INFO: Dumping Scrapy stats:
{'downloader/request_bytes': 808,
 'downloader/request_count': 3,
 'downloader/request_method_count/GET': 3,
 'downloader/response_bytes': 121868,
 'downloader/response_count': 3,
 'downloader/response_status_count/200': 3,
 'elapsed_time_seconds': 1.348952,
 'finish_reason': 'finished',
 'finish_time': datetime.datetime(2021, 4, 2, 22, 46, 38, 951926),
 'log_count/DEBUG': 3,
 'log_count/ERROR': 2,
 'log_count/INFO': 7,
 'response_received_count': 3,
 'robotstxt/request_count': 1,
 'robotstxt/response_count': 1,
 'robotstxt/response_status_count/200': 1,
 'scheduler/dequeued': 2,
 'scheduler/dequeued/memory': 2,
 'scheduler/enqueued': 2,
 'scheduler/enqueued/memory': 2,
 'spider_exceptions/KeyError': 2,
 'start_time': datetime.datetime(2021, 4, 2, 22, 46, 37, 602974)}
2021-04-02 15:46:38 [scrapy] INFO: Spider closed (finished)
