2021-04-19 22:49:46 [scrapy] DEBUG: Crawled (200) <GET https://www.microcenter.com/robots.txt> (referer: None)
2021-04-19 22:49:46 [scrapy] DEBUG: Crawled (200) <GET https://www.microcenter.com/search/search_results.aspx?N=4294966937&NTK=all&sortby=match&rpp=24> (referer: None)
2021-04-19 22:49:46 [scrapy] DEBUG: Scraped from <200 https://www.microcenter.com/search/search_results.aspx?N=4294966937&NTK=all&sortby=match&rpp=24>
{'href': 'https://www.microcenter.comhttps://www.microcenter.com/product/633835/zotac-nvidia-geforce-rtx-3060-twin-edge-overclocked-dual-fan-12gb-gddr6-pcie-40-graphics-card',
 'img': 'https://90a1c75758623581b3f8-5c119c3de181c9857fcb2784776b17ef.ssl.cf2.rackcdn.com/0633835_234898.jpg',
 'name': 'NVIDIA GeForce RTX 3060 Twin Edge Overclocked Dual-Fan 12GB GDDR6 '
         'PCIe 4.0 Graphics Card',
 'part_type': 'Video Cards',
 'price': 529.99}
2021-04-19 22:49:47 [scrapy] DEBUG: Crawled (200) <GET https://www.microcenter.com/search/search_results.aspx?Ntk=all&sortby=match&N=4294964318&myStore=false> (referer: None)
2021-04-19 22:49:47 [scrapy] DEBUG: Crawled (200) <GET https://www.microcenter.com/search/search_results.aspx?Ntk=all&sortby=match&N=4294966654&myStore=false> (referer: None)
2021-04-19 22:49:47 [scrapy] DEBUG: Crawled (200) <GET https://www.microcenter.com/category/4294945779/ssd-solid-state-drives> (referer: None)
2021-04-19 22:49:47 [scrapy] DEBUG: Scraped from <200 https://www.microcenter.com/search/search_results.aspx?Ntk=all&sortby=match&N=4294964318&myStore=false>
{'href': 'https://www.microcenter.comhttps://www.microcenter.com/product/607531/corsair-icue-220t-tempered-glass-rgb-atx-mid-tower-computer-case---black',
 'img': 'https://90a1c75758623581b3f8-5c119c3de181c9857fcb2784776b17ef.ssl.cf2.rackcdn.com/0607531_955112.jpg',
 'name': 'iCUE 220T Tempered Glass RGB ATX Mid-Tower Computer Case - Black',
 'part_type': 'Computer Cases',
 'price': 124.99}
2021-04-19 22:49:47 [scrapy] DEBUG: Scraped from <200 https://www.microcenter.com/search/search_results.aspx?Ntk=all&sortby=match&N=4294966654&myStore=false>
{'href': 'https://www.microcenter.comhttps://www.microcenter.com/product/485309/powerspec-750-watt-80-plus-gold-atx-fully-modular-power-supply',
 'img': 'https://90a1c75758623581b3f8-5c119c3de181c9857fcb2784776b17ef.ssl.cf2.rackcdn.com/0485309_402370.jpg',
 'name': '750 Watt 80 Plus Gold ATX Fully Modular Power Supply',
 'part_type': 'Power Supplies',
 'price': 119.99}
2021-04-19 22:49:47 [scrapy] DEBUG: Scraped from <200 https://www.microcenter.com/category/4294945779/ssd-solid-state-drives>
{'href': 'https://www.microcenter.comhttps://www.microcenter.com/product/624492/seagate-barracuda-510-1tb-ssd-internal-solid-state-drive-pcie-nvme-3d-tlc-nand-for-gaming-pc-gaming-laptop-desktop-(zp1000cm30001)',
 'img': 'https://90a1c75758623581b3f8-5c119c3de181c9857fcb2784776b17ef.ssl.cf2.rackcdn.com/0624492_123042.jpg',
 'name': 'Barracuda 510 1TB SSD Internal Solid State Drive PCIe Nvme 3D TLC '
         'NAND for Gaming PC Gaming Laptop Desktop (ZP1000CM30001)',
 'part_type': 'SSD (Solid State Drives)',
 'price': 152.99}
2021-04-19 22:49:47 [scrapy] INFO: Closing spider (finished)
2021-04-19 22:49:47 [scrapy] INFO: Dumping Scrapy stats:
{'downloader/request_bytes': 1362,
 'downloader/request_count': 5,
 'downloader/request_method_count/GET': 5,
 'downloader/response_bytes': 246125,
 'downloader/response_count': 5,
 'downloader/response_status_count/200': 5,
 'elapsed_time_seconds': 1.538321,
 'finish_reason': 'finished',
 'finish_time': datetime.datetime(2021, 4, 20, 5, 49, 47, 698758),
 'item_scraped_count': 4,
 'log_count/DEBUG': 9,
 'log_count/INFO': 7,
 'response_received_count': 5,
 'robotstxt/request_count': 1,
 'robotstxt/response_count': 1,
 'robotstxt/response_status_count/200': 1,
 'scheduler/dequeued': 4,
 'scheduler/dequeued/memory': 4,
 'scheduler/enqueued': 4,
 'scheduler/enqueued/memory': 4,
 'start_time': datetime.datetime(2021, 4, 20, 5, 49, 46, 160437)}
2021-04-19 22:49:47 [scrapy] INFO: Spider closed (finished)
