2021-04-18 18:31:09 [scrapy] DEBUG: Crawled (200) <GET https://www.microcenter.com/robots.txt> (referer: None)
2021-04-18 18:31:09 [scrapy] DEBUG: Crawled (200) <GET https://www.microcenter.com/search/search_results.aspx?N=4294966937&NTK=all&sortby=match&rpp=24> (referer: None)
2021-04-18 18:31:10 [scrapy] DEBUG: Scraped from <200 https://www.microcenter.com/search/search_results.aspx?N=4294966937&NTK=all&sortby=match&rpp=24>
{'href': 'https://www.microcenter.comhttps://www.microcenter.com/product/634181/evga-nvidia-geforce-rtx-3060-xc-gaming-dual-fan-12gb-gddr6-pcie-40-graphics-card',
 'img': 'https://90a1c75758623581b3f8-5c119c3de181c9857fcb2784776b17ef.ssl.cf2.rackcdn.com/0634181_240093.jpg',
 'name': 'NVIDIA GeForce RTX 3060 XC Gaming Dual-Fan 12GB GDDR6 PCIe 4.0 '
         'Graphics Card',
 'part_type': 'Video Cards',
 'price': 389.99}
2021-04-18 18:31:10 [scrapy] DEBUG: Crawled (200) <GET https://www.microcenter.com/search/search_results.aspx?Ntk=all&sortby=match&N=4294966654&myStore=false> (referer: None)
2021-04-18 18:31:10 [scrapy] DEBUG: Crawled (200) <GET https://www.microcenter.com/search/search_results.aspx?Ntk=all&sortby=match&N=4294964318&myStore=false> (referer: None)
2021-04-18 18:31:10 [scrapy] DEBUG: Crawled (200) <GET https://www.microcenter.com/category/4294945779/ssd-solid-state-drives> (referer: None)
2021-04-18 18:31:10 [scrapy] DEBUG: Scraped from <200 https://www.microcenter.com/search/search_results.aspx?Ntk=all&sortby=match&N=4294966654&myStore=false>
{'href': 'https://www.microcenter.comhttps://www.microcenter.com/product/485312/powerspec-650w-power-supply-semi-modular-80-bronze-certified-atx-active-pfc-sli-crossfire-ready-gaming-pc-computer-switching-psu',
 'img': 'https://90a1c75758623581b3f8-5c119c3de181c9857fcb2784776b17ef.ssl.cf2.rackcdn.com/0485312_402404.jpg',
 'name': '650W Power Supply Semi Modular 80+ Bronze Certified ATX Active PFC '
         'SLI Crossfire Ready Gaming PC Computer Switching PSU',
 'part_type': 'Power Supplies',
 'price': 69.99}
2021-04-18 18:31:10 [scrapy] DEBUG: Scraped from <200 https://www.microcenter.com/search/search_results.aspx?Ntk=all&sortby=match&N=4294964318&myStore=false>
{'href': 'https://www.microcenter.comhttps://www.microcenter.com/product/627504/lian-li-lancool-215-tempered-glass-eatx-full-tower-computer-case---black',
 'img': 'https://90a1c75758623581b3f8-5c119c3de181c9857fcb2784776b17ef.ssl.cf2.rackcdn.com/0627504_163097.jpg',
 'name': 'Lancool 215 Tempered Glass eATX Full Tower Computer Case - Black',
 'part_type': 'Computer Cases',
 'price': 89.99}
2021-04-18 18:31:10 [scrapy] DEBUG: Scraped from <200 https://www.microcenter.com/category/4294945779/ssd-solid-state-drives>
{'href': 'https://www.microcenter.comhttps://www.microcenter.com/product/618260/seagate-barracuda-120-1tb-3d-tlc-nand-sata-30-60-gb-s-25-internal-ssd',
 'img': 'https://90a1c75758623581b3f8-5c119c3de181c9857fcb2784776b17ef.ssl.cf2.rackcdn.com/0618260_068593.jpg',
 'name': 'BarraCuda 120 1TB 3D TLC NAND SATA 3.0 6.0 GB/s 2.5&quot; Internal '
         'SSD',
 'part_type': 'SSD (Solid State Drives)',
 'price': 111.99}
2021-04-18 18:31:10 [scrapy] INFO: Closing spider (finished)
2021-04-18 18:31:10 [scrapy] INFO: Dumping Scrapy stats:
{'downloader/request_bytes': 1362,
 'downloader/request_count': 5,
 'downloader/request_method_count/GET': 5,
 'downloader/response_bytes': 244403,
 'downloader/response_count': 5,
 'downloader/response_status_count/200': 5,
 'elapsed_time_seconds': 1.226182,
 'finish_reason': 'finished',
 'finish_time': datetime.datetime(2021, 4, 19, 1, 31, 10, 554902),
 'item_scraped_count': 4,
 'log_count/DEBUG': 9,
 'log_count/INFO': 7,
 'memusage/max': 166850560,
 'memusage/startup': 166850560,
 'response_received_count': 5,
 'robotstxt/request_count': 1,
 'robotstxt/response_count': 1,
 'robotstxt/response_status_count/200': 1,
 'scheduler/dequeued': 4,
 'scheduler/dequeued/memory': 4,
 'scheduler/enqueued': 4,
 'scheduler/enqueued/memory': 4,
 'start_time': datetime.datetime(2021, 4, 19, 1, 31, 9, 328720)}
2021-04-18 18:31:10 [scrapy] INFO: Spider closed (finished)
