2021-04-02 17:20:49 [scrapy] DEBUG: Crawled (200) <GET https://www.microcenter.com/robots.txt> (referer: None)
2021-04-02 17:20:49 [scrapy] DEBUG: Crawled (200) <GET https://www.microcenter.com/search/search_results.aspx?N=4294966937&NTK=all&sortby=match&rpp=24> (referer: None)
2021-04-02 17:20:49 [scrapy] DEBUG: Crawled (200) <GET https://www.microcenter.com/search/search_results.aspx?Ntk=all&sortby=match&N=4294966654&myStore=false> (referer: None)
2021-04-02 17:20:50 [scrapy] DEBUG: Crawled (200) <GET https://www.microcenter.com/search/search_results.aspx?N=4294966937&NTK=all&page=2&cat=Video-Cards-:-MicroCenter> (referer: https://www.microcenter.com/search/search_results.aspx?N=4294966937&NTK=all&sortby=match&rpp=24)
2021-04-02 17:20:50 [scrapy] DEBUG: Crawled (200) <GET https://www.microcenter.com/search/search_results.aspx?N=4294966654&NTK=all&page=2&cat=Power-Supplies-:-MicroCenter> (referer: https://www.microcenter.com/search/search_results.aspx?Ntk=all&sortby=match&N=4294966654&myStore=false)
2021-04-02 17:20:50 [scrapy] DEBUG: Crawled (200) <GET https://www.microcenter.com/search/search_results.aspx?N=4294966937&NTK=all&page=3&cat=Video-Cards-:-MicroCenter> (referer: https://www.microcenter.com/search/search_results.aspx?N=4294966937&NTK=all&page=2&cat=Video-Cards-:-MicroCenter)
2021-04-02 17:20:50 [scrapy] DEBUG: Crawled (200) <GET https://www.microcenter.com/search/search_results.aspx?N=4294966654&NTK=all&page=3&cat=Power-Supplies-:-MicroCenter> (referer: https://www.microcenter.com/search/search_results.aspx?N=4294966654&NTK=all&page=2&cat=Power-Supplies-:-MicroCenter)
2021-04-02 17:20:51 [scrapy] DEBUG: Crawled (200) <GET https://www.microcenter.com/search/search_results.aspx?N=4294966937&NTK=all&page=4&cat=Video-Cards-:-MicroCenter> (referer: https://www.microcenter.com/search/search_results.aspx?N=4294966937&NTK=all&page=3&cat=Video-Cards-:-MicroCenter)
2021-04-02 17:20:51 [scrapy] DEBUG: Crawled (200) <GET https://www.microcenter.com/search/search_results.aspx?N=4294966654&NTK=all&page=4&cat=Power-Supplies-:-MicroCenter> (referer: https://www.microcenter.com/search/search_results.aspx?N=4294966654&NTK=all&page=3&cat=Power-Supplies-:-MicroCenter)
2021-04-02 17:20:51 [scrapy] DEBUG: Crawled (200) <GET https://www.microcenter.com/search/search_results.aspx?N=4294966937&NTK=all&page=5&cat=Video-Cards-:-MicroCenter> (referer: https://www.microcenter.com/search/search_results.aspx?N=4294966937&NTK=all&page=4&cat=Video-Cards-:-MicroCenter)
2021-04-02 17:20:51 [scrapy] ERROR: Spider error processing <GET https://www.microcenter.com/search/search_results.aspx?N=4294966654&NTK=all&page=4&cat=Power-Supplies-:-MicroCenter> (referer: https://www.microcenter.com/search/search_results.aspx?N=4294966654&NTK=all&page=3&cat=Power-Supplies-:-MicroCenter)
Traceback (most recent call last):
  File "c:\users\rober\desktop\python projects\pc-spawner-backend\venv\lib\site-packages\scrapy\utils\defer.py", line 120, in iter_errback
    yield next(it)
  File "c:\users\rober\desktop\python projects\pc-spawner-backend\venv\lib\site-packages\scrapy\utils\python.py", line 353, in __next__
    return next(self.data)
  File "c:\users\rober\desktop\python projects\pc-spawner-backend\venv\lib\site-packages\scrapy\utils\python.py", line 353, in __next__
    return next(self.data)
  File "c:\users\rober\desktop\python projects\pc-spawner-backend\venv\lib\site-packages\scrapy\core\spidermw.py", line 62, in _evaluate_iterable
    for r in iterable:
  File "c:\users\rober\desktop\python projects\pc-spawner-backend\venv\lib\site-packages\scrapy\spidermiddlewares\offsite.py", line 29, in process_spider_output
    for x in result:
  File "c:\users\rober\desktop\python projects\pc-spawner-backend\venv\lib\site-packages\scrapy\core\spidermw.py", line 62, in _evaluate_iterable
    for r in iterable:
  File "c:\users\rober\desktop\python projects\pc-spawner-backend\venv\lib\site-packages\scrapy\spidermiddlewares\referer.py", line 340, in <genexpr>
    return (_set_referer(r) for r in result or ())
  File "c:\users\rober\desktop\python projects\pc-spawner-backend\venv\lib\site-packages\scrapy\core\spidermw.py", line 62, in _evaluate_iterable
    for r in iterable:
  File "c:\users\rober\desktop\python projects\pc-spawner-backend\venv\lib\site-packages\scrapy\spidermiddlewares\urllength.py", line 37, in <genexpr>
    return (r for r in result or () if _filter(r))
  File "c:\users\rober\desktop\python projects\pc-spawner-backend\venv\lib\site-packages\scrapy\core\spidermw.py", line 62, in _evaluate_iterable
    for r in iterable:
  File "c:\users\rober\desktop\python projects\pc-spawner-backend\venv\lib\site-packages\scrapy\spidermiddlewares\depth.py", line 58, in <genexpr>
    return (r for r in result or () if _filter(r))
  File "c:\users\rober\desktop\python projects\pc-spawner-backend\venv\lib\site-packages\scrapy\core\spidermw.py", line 62, in _evaluate_iterable
    for r in iterable:
  File "C:\Users\rober\Desktop\Python Projects\PC-Spawner-Backend\pc_generator\spiders\microcenter_spider.py", line 55, in parse
    loaded = ItemLoader(item=self.power_supply_df.iloc[0])
  File "c:\users\rober\desktop\python projects\pc-spawner-backend\venv\lib\site-packages\scrapy\loader\__init__.py", line 88, in __init__
    super().__init__(item=item, selector=selector, parent=parent, **context)
  File "c:\users\rober\desktop\python projects\pc-spawner-backend\venv\lib\site-packages\itemloaders\__init__.py", line 113, in __init__
    for field_name, value in ItemAdapter(item).items():
  File "c:\users\rober\desktop\python projects\pc-spawner-backend\venv\lib\site-packages\itemadapter\adapter.py", line 189, in __init__
    raise TypeError(f"No adapter found for objects of type: {type(item)} ({item})")
TypeError: No adapter found for objects of type: <class 'pandas.core.series.Series'> (href         https://www.microcenter.com/product/485312/pow...
img          https://90a1c75758623581b3f8-5c119c3de181c9857...
name         650 Watt 80 Plus Bronze ATX Semi-Modular Power...
part_type                                       Power Supplies
price                                                    69.99
Name: 0, dtype: object)
2021-04-02 17:20:51 [scrapy] DEBUG: Crawled (200) <GET https://www.microcenter.com/search/search_results.aspx?N=4294966937&NTK=all&page=6&cat=Video-Cards-:-MicroCenter> (referer: https://www.microcenter.com/search/search_results.aspx?N=4294966937&NTK=all&page=5&cat=Video-Cards-:-MicroCenter)
2021-04-02 17:20:52 [scrapy] DEBUG: Crawled (200) <GET https://www.microcenter.com/search/search_results.aspx?N=4294966937&NTK=all&page=7&cat=Video-Cards-:-MicroCenter> (referer: https://www.microcenter.com/search/search_results.aspx?N=4294966937&NTK=all&page=6&cat=Video-Cards-:-MicroCenter)
2021-04-02 17:20:52 [scrapy] ERROR: Spider error processing <GET https://www.microcenter.com/search/search_results.aspx?N=4294966937&NTK=all&page=7&cat=Video-Cards-:-MicroCenter> (referer: https://www.microcenter.com/search/search_results.aspx?N=4294966937&NTK=all&page=6&cat=Video-Cards-:-MicroCenter)
Traceback (most recent call last):
  File "c:\users\rober\desktop\python projects\pc-spawner-backend\venv\lib\site-packages\scrapy\utils\defer.py", line 120, in iter_errback
    yield next(it)
  File "c:\users\rober\desktop\python projects\pc-spawner-backend\venv\lib\site-packages\scrapy\utils\python.py", line 353, in __next__
    return next(self.data)
  File "c:\users\rober\desktop\python projects\pc-spawner-backend\venv\lib\site-packages\scrapy\utils\python.py", line 353, in __next__
    return next(self.data)
  File "c:\users\rober\desktop\python projects\pc-spawner-backend\venv\lib\site-packages\scrapy\core\spidermw.py", line 62, in _evaluate_iterable
    for r in iterable:
  File "c:\users\rober\desktop\python projects\pc-spawner-backend\venv\lib\site-packages\scrapy\spidermiddlewares\offsite.py", line 29, in process_spider_output
    for x in result:
  File "c:\users\rober\desktop\python projects\pc-spawner-backend\venv\lib\site-packages\scrapy\core\spidermw.py", line 62, in _evaluate_iterable
    for r in iterable:
  File "c:\users\rober\desktop\python projects\pc-spawner-backend\venv\lib\site-packages\scrapy\spidermiddlewares\referer.py", line 340, in <genexpr>
    return (_set_referer(r) for r in result or ())
  File "c:\users\rober\desktop\python projects\pc-spawner-backend\venv\lib\site-packages\scrapy\core\spidermw.py", line 62, in _evaluate_iterable
    for r in iterable:
  File "c:\users\rober\desktop\python projects\pc-spawner-backend\venv\lib\site-packages\scrapy\spidermiddlewares\urllength.py", line 37, in <genexpr>
    return (r for r in result or () if _filter(r))
  File "c:\users\rober\desktop\python projects\pc-spawner-backend\venv\lib\site-packages\scrapy\core\spidermw.py", line 62, in _evaluate_iterable
    for r in iterable:
  File "c:\users\rober\desktop\python projects\pc-spawner-backend\venv\lib\site-packages\scrapy\spidermiddlewares\depth.py", line 58, in <genexpr>
    return (r for r in result or () if _filter(r))
  File "c:\users\rober\desktop\python projects\pc-spawner-backend\venv\lib\site-packages\scrapy\core\spidermw.py", line 62, in _evaluate_iterable
    for r in iterable:
  File "C:\Users\rober\Desktop\Python Projects\PC-Spawner-Backend\pc_generator\spiders\microcenter_spider.py", line 50, in parse
    loaded = ItemLoader(item=self.graphics_card_df.iloc[0])
  File "c:\users\rober\desktop\python projects\pc-spawner-backend\venv\lib\site-packages\scrapy\loader\__init__.py", line 88, in __init__
    super().__init__(item=item, selector=selector, parent=parent, **context)
  File "c:\users\rober\desktop\python projects\pc-spawner-backend\venv\lib\site-packages\itemloaders\__init__.py", line 113, in __init__
    for field_name, value in ItemAdapter(item).items():
  File "c:\users\rober\desktop\python projects\pc-spawner-backend\venv\lib\site-packages\itemadapter\adapter.py", line 189, in __init__
    raise TypeError(f"No adapter found for objects of type: {type(item)} ({item})")
TypeError: No adapter found for objects of type: <class 'pandas.core.series.Series'> (href         https://www.microcenter.com/product/604243/msi...
img          https://90a1c75758623581b3f8-5c119c3de181c9857...
name         GeForce GTX 1660 Ventus XS Overclocked Dual-Fa...
part_type                                          Video Cards
price                                                   334.99
Name: 0, dtype: object)
2021-04-02 17:20:52 [scrapy] INFO: Closing spider (finished)
2021-04-02 17:20:52 [scrapy] INFO: Dumping Scrapy stats:
{'downloader/request_bytes': 5332,
 'downloader/request_count': 12,
 'downloader/request_method_count/GET': 12,
 'downloader/response_bytes': 648272,
 'downloader/response_count': 12,
 'downloader/response_status_count/200': 12,
 'elapsed_time_seconds': 3.554569,
 'finish_reason': 'finished',
 'finish_time': datetime.datetime(2021, 4, 3, 0, 20, 52, 605110),
 'log_count/DEBUG': 12,
 'log_count/ERROR': 2,
 'log_count/INFO': 7,
 'request_depth_max': 6,
 'response_received_count': 12,
 'robotstxt/request_count': 1,
 'robotstxt/response_count': 1,
 'robotstxt/response_status_count/200': 1,
 'scheduler/dequeued': 11,
 'scheduler/dequeued/memory': 11,
 'scheduler/enqueued': 11,
 'scheduler/enqueued/memory': 11,
 'spider_exceptions/TypeError': 2,
 'start_time': datetime.datetime(2021, 4, 3, 0, 20, 49, 50541)}
2021-04-02 17:20:52 [scrapy] INFO: Spider closed (finished)
