2021-04-19 11:44:29 [scrapy] DEBUG: Crawled (200) <GET https://www.microcenter.com/robots.txt> (referer: None)
2021-04-19 11:44:30 [scrapy] DEBUG: Crawled (200) <GET https://www.microcenter.com/search/search_results.aspx?N=4294966937&NTK=all&sortby=match&rpp=24> (referer: None)
2021-04-19 11:44:30 [scrapy] DEBUG: Crawled (200) <GET https://www.microcenter.com/category/4294945779/ssd-solid-state-drives> (referer: None)
2021-04-19 11:44:30 [scrapy] DEBUG: Crawled (200) <GET https://www.microcenter.com/search/search_results.aspx?Ntk=all&sortby=match&N=4294964318&myStore=false> (referer: None)
2021-04-19 11:44:30 [scrapy] DEBUG: Scraped from <200 https://www.microcenter.com/search/search_results.aspx?N=4294966937&NTK=all&sortby=match&rpp=24>
{'href': 'https://www.microcenter.comhttps://www.microcenter.com/product/635275/sapphire-technology-amd-radeon-rx-6700-xt-pulse-dual-fan-12gb-gddr6-pcie-40-graphics-card',
 'img': 'https://90a1c75758623581b3f8-5c119c3de181c9857fcb2784776b17ef.ssl.cf2.rackcdn.com/0635275_250068.jpg',
 'name': 'AMD Radeon RX 6700 XT Pulse Dual-Fan 12GB GDDR6 PCIe 4.0 Graphics '
         'Card',
 'part_type': 'Video Cards',
 'price': 809.99}
2021-04-19 11:44:30 [scrapy] DEBUG: Scraped from <200 https://www.microcenter.com/category/4294945779/ssd-solid-state-drives>
{'href': 'https://www.microcenter.comhttps://www.microcenter.com/product/618261/seagate-barracuda-120-2tb-3d-tlc-nand-sata-30-60-gb-s-25-internal-ssd',
 'img': 'https://90a1c75758623581b3f8-5c119c3de181c9857fcb2784776b17ef.ssl.cf2.rackcdn.com/0618261_068601.jpg',
 'name': 'BarraCuda 120 2TB 3D TLC NAND SATA 3.0 6.0 GB/s 2.5&quot; Internal '
         'SSD',
 'part_type': 'SSD (Solid State Drives)',
 'price': 224.99}
2021-04-19 11:44:30 [scrapy] DEBUG: Scraped from <200 https://www.microcenter.com/search/search_results.aspx?Ntk=all&sortby=match&N=4294964318&myStore=false>
{'href': 'https://www.microcenter.comhttps://www.microcenter.com/product/510583/lian-li-pc-o11-dynamic-tempered-glass-atx-mid-tower-computer-case---black',
 'img': 'https://90a1c75758623581b3f8-5c119c3de181c9857fcb2784776b17ef.ssl.cf2.rackcdn.com/0510583_808600.jpg',
 'name': 'PC-O11 Dynamic Tempered Glass ATX Mid-Tower Computer Case - Black',
 'part_type': 'Computer Cases',
 'price': 179.99}
2021-04-19 11:44:30 [scrapy] DEBUG: Crawled (200) <GET https://www.microcenter.com/search/search_results.aspx?Ntk=all&sortby=match&N=4294966654&myStore=false> (referer: None)
2021-04-19 11:44:31 [scrapy] DEBUG: Scraped from <200 https://www.microcenter.com/search/search_results.aspx?Ntk=all&sortby=match&N=4294966654&myStore=false>
{'href': 'https://www.microcenter.comhttps://www.microcenter.com/product/607744/corsair-rm850x-850-watt-80-plus-gold-atx-fully-modular-power-supply---white',
 'img': 'https://90a1c75758623581b3f8-5c119c3de181c9857fcb2784776b17ef.ssl.cf2.rackcdn.com/0607744_955096.jpg',
 'name': 'RM850x 850 Watt 80 Plus Gold ATX Fully Modular Power Supply - White',
 'part_type': 'Power Supplies',
 'price': 169.99}
2021-04-19 11:44:31 [scrapy] INFO: Closing spider (finished)
2021-04-19 11:44:31 [scrapy] INFO: Dumping Scrapy stats:
{'downloader/request_bytes': 1362,
 'downloader/request_count': 5,
 'downloader/request_method_count/GET': 5,
 'downloader/response_bytes': 246079,
 'downloader/response_count': 5,
 'downloader/response_status_count/200': 5,
 'elapsed_time_seconds': 1.554018,
 'finish_reason': 'finished',
 'finish_time': datetime.datetime(2021, 4, 19, 18, 44, 31, 17056),
 'item_scraped_count': 4,
 'log_count/DEBUG': 9,
 'log_count/INFO': 7,
 'memusage/max': 158408704,
 'memusage/startup': 158408704,
 'response_received_count': 5,
 'robotstxt/request_count': 1,
 'robotstxt/response_count': 1,
 'robotstxt/response_status_count/200': 1,
 'scheduler/dequeued': 4,
 'scheduler/dequeued/memory': 4,
 'scheduler/enqueued': 4,
 'scheduler/enqueued/memory': 4,
 'start_time': datetime.datetime(2021, 4, 19, 18, 44, 29, 463038)}
2021-04-19 11:44:31 [scrapy] INFO: Spider closed (finished)
