2021-04-02 18:13:47 [scrapy] DEBUG: Crawled (200) <GET https://www.microcenter.com/robots.txt> (referer: None)
2021-04-02 18:13:47 [scrapy] DEBUG: Crawled (200) <GET https://www.microcenter.com/search/search_results.aspx?N=4294966937&NTK=all&sortby=match&rpp=24> (referer: None)
2021-04-02 18:13:47 [scrapy] DEBUG: Crawled (200) <GET https://www.microcenter.com/search/search_results.aspx?N=4294966937&NTK=all&page=2&cat=Video-Cards-:-MicroCenter> (referer: https://www.microcenter.com/search/search_results.aspx?N=4294966937&NTK=all&sortby=match&rpp=24)
2021-04-02 18:13:48 [scrapy] DEBUG: Crawled (200) <GET https://www.microcenter.com/search/search_results.aspx?Ntk=all&sortby=match&N=4294966654&myStore=falsehttps://www.microcenter.com/category/4294964318/desktop-cases> (referer: None)
2021-04-02 18:13:48 [scrapy] DEBUG: Crawled (200) <GET https://www.microcenter.com/category/4294945779/ssd-solid-state-drives> (referer: None)
2021-04-02 18:13:48 [scrapy] DEBUG: Crawled (200) <GET https://www.microcenter.com/search/search_results.aspx?N=4294966937&NTK=all&page=3&cat=Video-Cards-:-MicroCenter> (referer: https://www.microcenter.com/search/search_results.aspx?N=4294966937&NTK=all&page=2&cat=Video-Cards-:-MicroCenter)
2021-04-02 18:13:48 [scrapy] DEBUG: Crawled (200) <GET https://www.microcenter.com/search/search_results.aspx?N=4294966937&NTK=all&page=4&cat=Video-Cards-:-MicroCenter> (referer: https://www.microcenter.com/search/search_results.aspx?N=4294966937&NTK=all&page=3&cat=Video-Cards-:-MicroCenter)
2021-04-02 18:13:48 [scrapy] DEBUG: Crawled (200) <GET https://www.microcenter.com/search/search_results.aspx?N=4294966654&NTK=all&page=2&cat=Power-Supplies-:-MicroCenter> (referer: https://www.microcenter.com/search/search_results.aspx?Ntk=all&sortby=match&N=4294966654&myStore=falsehttps://www.microcenter.com/category/4294964318/desktop-cases)
2021-04-02 18:13:48 [scrapy] DEBUG: Crawled (200) <GET https://www.microcenter.com/search/search_results.aspx?N=4294945779&NTK=all&page=2&cat=SSD-(Solid-State-Drives)-:-MicroCenter> (referer: https://www.microcenter.com/category/4294945779/ssd-solid-state-drives)
2021-04-02 18:13:48 [scrapy] DEBUG: Crawled (200) <GET https://www.microcenter.com/search/search_results.aspx?N=4294966937&NTK=all&page=5&cat=Video-Cards-:-MicroCenter> (referer: https://www.microcenter.com/search/search_results.aspx?N=4294966937&NTK=all&page=4&cat=Video-Cards-:-MicroCenter)
2021-04-02 18:13:49 [scrapy] DEBUG: Crawled (200) <GET https://www.microcenter.com/search/search_results.aspx?N=4294966654&NTK=all&page=3&cat=Power-Supplies-:-MicroCenter> (referer: https://www.microcenter.com/search/search_results.aspx?N=4294966654&NTK=all&page=2&cat=Power-Supplies-:-MicroCenter)
2021-04-02 18:13:49 [scrapy] DEBUG: Crawled (200) <GET https://www.microcenter.com/search/search_results.aspx?N=4294945779&NTK=all&page=1&cat=SSD-(Solid-State-Drives)-:-MicroCenter> (referer: https://www.microcenter.com/search/search_results.aspx?N=4294945779&NTK=all&page=2&cat=SSD-(Solid-State-Drives)-:-MicroCenter)
2021-04-02 18:13:49 [scrapy] DEBUG: Scraped from <200 https://www.microcenter.com/search/search_results.aspx?N=4294945779&NTK=all&page=1&cat=SSD-(Solid-State-Drives)-:-MicroCenter>
{'href': 'https://www.microcenter.comhttps://www.microcenter.com/product/627080/seagate-barracuda-q1-960gb-ssd-3d-qlc-nand-sata-iii-6gb-s-25-internal-solid-state-drive',
 'img': 'https://90a1c75758623581b3f8-5c119c3de181c9857fcb2784776b17ef.ssl.cf2.rackcdn.com/0627080_159640.jpg',
 'name': 'BarraCuda Q1 960GB SSD 3D QLC NAND SATA III 6Gb/s 2.5&quot; Internal '
         'Solid State Drive',
 'part_type': 'SSD (Solid State Drives)',
 'price': 95.99}
2021-04-02 18:13:49 [scrapy] DEBUG: Crawled (200) <GET https://www.microcenter.com/search/search_results.aspx?N=4294966937&NTK=all&page=6&cat=Video-Cards-:-MicroCenter> (referer: https://www.microcenter.com/search/search_results.aspx?N=4294966937&NTK=all&page=5&cat=Video-Cards-:-MicroCenter)
2021-04-02 18:13:49 [scrapy] DEBUG: Crawled (200) <GET https://www.microcenter.com/search/search_results.aspx?N=4294966654&NTK=all&page=4&cat=Power-Supplies-:-MicroCenter> (referer: https://www.microcenter.com/search/search_results.aspx?N=4294966654&NTK=all&page=3&cat=Power-Supplies-:-MicroCenter)
2021-04-02 18:13:49 [scrapy] DEBUG: Scraped from <200 https://www.microcenter.com/search/search_results.aspx?N=4294966654&NTK=all&page=4&cat=Power-Supplies-:-MicroCenter>
{'href': 'https://www.microcenter.comhttps://www.microcenter.com/product/485312/powerspec-650-watt-80-plus-bronze-atx-semi-modular-power-supply',
 'img': 'https://90a1c75758623581b3f8-5c119c3de181c9857fcb2784776b17ef.ssl.cf2.rackcdn.com/0485312_402404.jpg',
 'name': '650 Watt 80 Plus Bronze ATX Semi-Modular Power Supply',
 'part_type': 'Power Supplies',
 'price': 69.99}
2021-04-02 18:13:49 [scrapy] DEBUG: Crawled (200) <GET https://www.microcenter.com/search/search_results.aspx?N=4294966937&NTK=all&page=7&cat=Video-Cards-:-MicroCenter> (referer: https://www.microcenter.com/search/search_results.aspx?N=4294966937&NTK=all&page=6&cat=Video-Cards-:-MicroCenter)
2021-04-02 18:13:50 [scrapy] DEBUG: Scraped from <200 https://www.microcenter.com/search/search_results.aspx?N=4294966937&NTK=all&page=7&cat=Video-Cards-:-MicroCenter>
{'href': 'https://www.microcenter.comhttps://www.microcenter.com/product/604243/msi-geforce-gtx-1660-ventus-xs-overclocked-dual-fan-6gb-gddr5-pcie-30-graphics-card',
 'img': 'https://90a1c75758623581b3f8-5c119c3de181c9857fcb2784776b17ef.ssl.cf2.rackcdn.com/0604243_906792.jpg',
 'name': 'GeForce GTX 1660 Ventus XS Overclocked Dual-Fan 6GB GDDR5 PCIe 3.0 '
         'Graphics Card',
 'part_type': 'Video Cards',
 'price': 334.99}
2021-04-02 18:13:50 [scrapy] INFO: Closing spider (finished)
2021-04-02 18:13:50 [scrapy] INFO: Dumping Scrapy stats:
{'downloader/request_bytes': 6720,
 'downloader/request_count': 15,
 'downloader/request_method_count/GET': 15,
 'downloader/response_bytes': 821021,
 'downloader/response_count': 15,
 'downloader/response_status_count/200': 15,
 'elapsed_time_seconds': 3.118701,
 'finish_reason': 'finished',
 'finish_time': datetime.datetime(2021, 4, 3, 1, 13, 50, 149497),
 'item_scraped_count': 3,
 'log_count/DEBUG': 18,
 'log_count/INFO': 7,
 'log_count/WARNING': 4,
 'request_depth_max': 6,
 'response_received_count': 15,
 'robotstxt/request_count': 1,
 'robotstxt/response_count': 1,
 'robotstxt/response_status_count/200': 1,
 'scheduler/dequeued': 14,
 'scheduler/dequeued/memory': 14,
 'scheduler/enqueued': 14,
 'scheduler/enqueued/memory': 14,
 'start_time': datetime.datetime(2021, 4, 3, 1, 13, 47, 30796)}
2021-04-02 18:13:50 [scrapy] INFO: Spider closed (finished)
