2021-04-02 18:28:10 [scrapy] DEBUG: Crawled (200) <GET https://www.microcenter.com/robots.txt> (referer: None)
2021-04-02 18:28:10 [scrapy] DEBUG: Crawled (200) <GET https://www.microcenter.com/search/search_results.aspx?N=4294966937&NTK=all&sortby=match&rpp=24> (referer: None)
2021-04-02 18:28:10 [scrapy] DEBUG: Scraped from <200 https://www.microcenter.com/search/search_results.aspx?N=4294966937&NTK=all&sortby=match&rpp=24>
{'href': 'https://www.microcenter.comhttps://www.microcenter.com/product/617084/asus-geforce-gtx-1660-super-tuf-overclocked-dual-fan-6gb-gddr6-pcie-30-graphics-card',
 'img': 'https://90a1c75758623581b3f8-5c119c3de181c9857fcb2784776b17ef.ssl.cf2.rackcdn.com/0617084_055160.jpg',
 'name': 'GeForce GTX 1660 Super TUF Overclocked Dual-Fan 6GB GDDR6 PCIe 3.0 '
         'Graphics Card',
 'part_type': 'Video Cards',
 'price': 309.99}
2021-04-02 18:28:10 [scrapy] DEBUG: Crawled (200) <GET https://www.microcenter.com/search/search_results.aspx?Ntk=all&sortby=match&N=4294966654&myStore=false> (referer: None)
2021-04-02 18:28:10 [scrapy] DEBUG: Crawled (200) <GET https://www.microcenter.com/search/search_results.aspx?Ntk=all&sortby=match&N=4294964318&myStore=false> (referer: None)
2021-04-02 18:28:10 [scrapy] DEBUG: Scraped from <200 https://www.microcenter.com/search/search_results.aspx?Ntk=all&sortby=match&N=4294966654&myStore=false>
{'href': 'https://www.microcenter.comhttps://www.microcenter.com/product/485312/powerspec-650-watt-80-plus-bronze-atx-semi-modular-power-supply',
 'img': 'https://90a1c75758623581b3f8-5c119c3de181c9857fcb2784776b17ef.ssl.cf2.rackcdn.com/0485312_402404.jpg',
 'name': '650 Watt 80 Plus Bronze ATX Semi-Modular Power Supply',
 'part_type': 'Power Supplies',
 'price': 69.99}
2021-04-02 18:28:11 [scrapy] DEBUG: Scraped from <200 https://www.microcenter.com/search/search_results.aspx?Ntk=all&sortby=match&N=4294964318&myStore=false>
{'href': 'https://www.microcenter.comhttps://www.microcenter.com/product/604789/lian-li-205-tempered-glass-atx-computer-case---black',
 'img': 'https://90a1c75758623581b3f8-5c119c3de181c9857fcb2784776b17ef.ssl.cf2.rackcdn.com/0604789_908012.jpg',
 'name': '205 Tempered Glass ATX Computer Case - Black',
 'part_type': 'Computer Cases',
 'price': 69.99}
2021-04-02 18:28:11 [scrapy] DEBUG: Crawled (200) <GET https://www.microcenter.com/category/4294945779/ssd-solid-state-drives> (referer: None)
2021-04-02 18:28:11 [scrapy] DEBUG: Scraped from <200 https://www.microcenter.com/category/4294945779/ssd-solid-state-drives>
{'href': 'https://www.microcenter.comhttps://www.microcenter.com/product/627080/seagate-barracuda-q1-960gb-ssd-3d-qlc-nand-sata-iii-6gb-s-25-internal-solid-state-drive',
 'img': 'https://90a1c75758623581b3f8-5c119c3de181c9857fcb2784776b17ef.ssl.cf2.rackcdn.com/0627080_159640.jpg',
 'name': 'BarraCuda Q1 960GB SSD 3D QLC NAND SATA III 6Gb/s 2.5&quot; Internal '
         'Solid State Drive',
 'part_type': 'SSD (Solid State Drives)',
 'price': 95.99}
2021-04-02 18:28:11 [scrapy] INFO: Closing spider (finished)
2021-04-02 18:28:11 [scrapy] INFO: Dumping Scrapy stats:
{'downloader/request_bytes': 1362,
 'downloader/request_count': 5,
 'downloader/request_method_count/GET': 5,
 'downloader/response_bytes': 246188,
 'downloader/response_count': 5,
 'downloader/response_status_count/200': 5,
 'elapsed_time_seconds': 1.376326,
 'finish_reason': 'finished',
 'finish_time': datetime.datetime(2021, 4, 3, 1, 28, 11, 382228),
 'item_scraped_count': 4,
 'log_count/DEBUG': 9,
 'log_count/INFO': 7,
 'response_received_count': 5,
 'robotstxt/request_count': 1,
 'robotstxt/response_count': 1,
 'robotstxt/response_status_count/200': 1,
 'scheduler/dequeued': 4,
 'scheduler/dequeued/memory': 4,
 'scheduler/enqueued': 4,
 'scheduler/enqueued/memory': 4,
 'start_time': datetime.datetime(2021, 4, 3, 1, 28, 10, 5902)}
2021-04-02 18:28:11 [scrapy] INFO: Spider closed (finished)
